To execute the default application inside the container, run:
apptainer run --nv $CONTAINERDIR/tensorflow-2.13.0.sif

This container is based on NGC 23.08
https://docs.nvidia.com/deeplearning/frameworks/tensorflow-release-notes/rel-23-08.html#rel-23-08
To execute the default application inside the container, run:
apptainer run --nv $CONTAINERDIR/tensorflow-2.13.0.sif

This container is based on NGC 23.08
https://docs.nvidia.com/deeplearning/frameworks/tensorflow-release-notes/rel-23-08.html#rel-23-08
2025-09-17 07:11:04.471170: I tensorflow/core/platform/cpu_feature_guard.cc:183] This TensorFlow binary is optimized to use available CPU instructions in performance-critical operations.
To enable the following instructions: SSE3 SSE4.1 SSE4.2 AVX, in other operations, rebuild TensorFlow with the appropriate compiler flags.
2025-09-17 07:11:04.485252: I tensorflow/core/platform/cpu_feature_guard.cc:183] This TensorFlow binary is optimized to use available CPU instructions in performance-critical operations.
To enable the following instructions: SSE3 SSE4.1 SSE4.2 AVX, in other operations, rebuild TensorFlow with the appropriate compiler flags.
2025-09-17 07:11:09.329923: I tensorflow/core/common_runtime/gpu/gpu_device.cc:1636] Created device /job:localhost/replica:0/task:0/device:GPU:0 with 78814 MB memory:  -> device: 0, name: NVIDIA A100-SXM4-80GB, pci bus id: 0000:4e:00.0, compute capability: 8.0
2025-09-17 07:11:09.530233: I tensorflow/core/common_runtime/gpu/gpu_device.cc:1636] Created device /job:localhost/replica:0/task:0/device:GPU:0 with 78815 MB memory:  -> device: 0, name: NVIDIA A100-SXM4-80GB, pci bus id: 0000:90:00.0, compute capability: 8.0
2025-09-17 07:11:24.330709: I tensorflow/compiler/xla/stream_executor/cuda/cuda_blas.cc:625] TensorFloat-32 will be used for the matrix multiplication. This will only be logged once.
2025-09-17 07:11:24.333126: I tensorflow/compiler/xla/stream_executor/cuda/cuda_blas.cc:625] TensorFloat-32 will be used for the matrix multiplication. This will only be logged once.
2025-09-17 07:11:24.534418: I tensorflow/compiler/xla/service/service.cc:168] XLA service 0x1549319def10 initialized for platform CUDA (this does not guarantee that XLA will be used). Devices:
2025-09-17 07:11:24.535512: I tensorflow/compiler/xla/service/service.cc:176]   StreamExecutor device (0): NVIDIA A100-SXM4-80GB, Compute Capability 8.0
2025-09-17 07:11:24.543033: I tensorflow/compiler/xla/service/service.cc:168] XLA service 0x14c4b195de20 initialized for platform CUDA (this does not guarantee that XLA will be used). Devices:
2025-09-17 07:11:24.544070: I tensorflow/compiler/xla/service/service.cc:176]   StreamExecutor device (0): NVIDIA A100-SXM4-80GB, Compute Capability 8.0
2025-09-17 07:11:24.620915: I tensorflow/compiler/mlir/tensorflow/utils/dump_mlir_util.cc:255] disabling MLIR crash reproducer, set env var `MLIR_CRASH_REPRODUCER_DIRECTORY` to enable.
2025-09-17 07:11:24.629015: I tensorflow/compiler/mlir/tensorflow/utils/dump_mlir_util.cc:255] disabling MLIR crash reproducer, set env var `MLIR_CRASH_REPRODUCER_DIRECTORY` to enable.
2025-09-17 07:11:24.791242: I tensorflow/compiler/xla/stream_executor/cuda/cuda_dnn.cc:432] Loaded cuDNN version 8904
2025-09-17 07:11:24.899257: I tensorflow/compiler/xla/stream_executor/cuda/cuda_dnn.cc:432] Loaded cuDNN version 8904
2025-09-17 07:11:25.304771: I ./tensorflow/compiler/jit/device_compiler.h:186] Compiled cluster using XLA!  This line is logged at most once for the lifetime of the process.
2025-09-17 07:11:25.408541: I ./tensorflow/compiler/jit/device_compiler.h:186] Compiled cluster using XLA!  This line is logged at most once for the lifetime of the process.
