To execute the default application inside the container, run:
apptainer run --nv $CONTAINERDIR/tensorflow-2.13.0.sif

This container is based on NGC 23.08
https://docs.nvidia.com/deeplearning/frameworks/tensorflow-release-notes/rel-23-08.html#rel-23-08
2025-10-02 18:35:38.803991: I tensorflow/core/platform/cpu_feature_guard.cc:183] This TensorFlow binary is optimized to use available CPU instructions in performance-critical operations.
To enable the following instructions: SSE3 SSE4.1 SSE4.2 AVX, in other operations, rebuild TensorFlow with the appropriate compiler flags.
2025-10-02 18:35:38.808380: I tensorflow/core/platform/cpu_feature_guard.cc:183] This TensorFlow binary is optimized to use available CPU instructions in performance-critical operations.
To enable the following instructions: SSE3 SSE4.1 SSE4.2 AVX, in other operations, rebuild TensorFlow with the appropriate compiler flags.
2025-10-02 18:35:38.833709: I tensorflow/core/platform/cpu_feature_guard.cc:183] This TensorFlow binary is optimized to use available CPU instructions in performance-critical operations.
To enable the following instructions: SSE3 SSE4.1 SSE4.2 AVX, in other operations, rebuild TensorFlow with the appropriate compiler flags.
2025-10-02 18:35:42.009883: I tensorflow/core/platform/cpu_feature_guard.cc:183] This TensorFlow binary is optimized to use available CPU instructions in performance-critical operations.
To enable the following instructions: SSE3 SSE4.1 SSE4.2 AVX, in other operations, rebuild TensorFlow with the appropriate compiler flags.
2025-10-02 18:35:44.425700: I tensorflow/core/common_runtime/gpu/gpu_device.cc:1636] Created device /job:localhost/replica:0/task:0/device:GPU:0 with 78815 MB memory:  -> device: 0, name: NVIDIA A100-SXM4-80GB, pci bus id: 0000:87:00.0, compute capability: 8.0
2025-10-02 18:35:44.428672: I tensorflow/core/common_runtime/gpu/gpu_device.cc:1636] Created device /job:localhost/replica:0/task:0/device:GPU:0 with 78693 MB memory:  -> device: 0, name: NVIDIA A100-SXM4-80GB, pci bus id: 0000:07:00.0, compute capability: 8.0
2025-10-02 18:35:44.527186: I tensorflow/core/common_runtime/gpu/gpu_device.cc:1636] Created device /job:localhost/replica:0/task:0/device:GPU:0 with 78815 MB memory:  -> device: 0, name: NVIDIA A100-SXM4-80GB, pci bus id: 0000:87:00.0, compute capability: 8.0
2025-10-02 18:35:48.991701: I tensorflow/core/common_runtime/gpu/gpu_device.cc:1636] Created device /job:localhost/replica:0/task:0/device:GPU:0 with 78815 MB memory:  -> device: 0, name: NVIDIA A100-SXM4-80GB, pci bus id: 0000:90:00.0, compute capability: 8.0
2025-10-02 18:35:58.853425: I tensorflow/compiler/xla/stream_executor/cuda/cuda_blas.cc:625] TensorFloat-32 will be used for the matrix multiplication. This will only be logged once.
2025-10-02 18:35:58.894372: I tensorflow/compiler/xla/stream_executor/cuda/cuda_blas.cc:625] TensorFloat-32 will be used for the matrix multiplication. This will only be logged once.
2025-10-02 18:35:59.133916: I tensorflow/compiler/xla/stream_executor/cuda/cuda_blas.cc:625] TensorFloat-32 will be used for the matrix multiplication. This will only be logged once.
2025-10-02 18:35:59.183605: I tensorflow/compiler/xla/service/service.cc:168] XLA service 0x1542f94bf810 initialized for platform CUDA (this does not guarantee that XLA will be used). Devices:
2025-10-02 18:35:59.184819: I tensorflow/compiler/xla/service/service.cc:176]   StreamExecutor device (0): NVIDIA A100-SXM4-80GB, Compute Capability 8.0
2025-10-02 18:35:59.288441: I tensorflow/compiler/mlir/tensorflow/utils/dump_mlir_util.cc:255] disabling MLIR crash reproducer, set env var `MLIR_CRASH_REPRODUCER_DIRECTORY` to enable.
2025-10-02 18:35:59.287851: I tensorflow/compiler/xla/service/service.cc:168] XLA service 0x151e2daddb50 initialized for platform CUDA (this does not guarantee that XLA will be used). Devices:
2025-10-02 18:35:59.289247: I tensorflow/compiler/xla/service/service.cc:176]   StreamExecutor device (0): NVIDIA A100-SXM4-80GB, Compute Capability 8.0
2025-10-02 18:35:59.348432: I tensorflow/compiler/xla/service/service.cc:168] XLA service 0x151e7d81e430 initialized for platform CUDA (this does not guarantee that XLA will be used). Devices:
2025-10-02 18:35:59.355466: I tensorflow/compiler/xla/service/service.cc:176]   StreamExecutor device (0): NVIDIA A100-SXM4-80GB, Compute Capability 8.0
2025-10-02 18:35:59.373573: I tensorflow/compiler/mlir/tensorflow/utils/dump_mlir_util.cc:255] disabling MLIR crash reproducer, set env var `MLIR_CRASH_REPRODUCER_DIRECTORY` to enable.
2025-10-02 18:35:59.439996: I tensorflow/compiler/mlir/tensorflow/utils/dump_mlir_util.cc:255] disabling MLIR crash reproducer, set env var `MLIR_CRASH_REPRODUCER_DIRECTORY` to enable.
2025-10-02 18:35:59.451978: I tensorflow/compiler/xla/stream_executor/cuda/cuda_dnn.cc:432] Loaded cuDNN version 8904
2025-10-02 18:35:59.533461: I tensorflow/compiler/xla/stream_executor/cuda/cuda_dnn.cc:432] Loaded cuDNN version 8904
2025-10-02 18:35:59.609618: I tensorflow/compiler/xla/stream_executor/cuda/cuda_dnn.cc:432] Loaded cuDNN version 8904
2025-10-02 18:36:00.008489: I ./tensorflow/compiler/jit/device_compiler.h:186] Compiled cluster using XLA!  This line is logged at most once for the lifetime of the process.
2025-10-02 18:36:00.018532: I ./tensorflow/compiler/jit/device_compiler.h:186] Compiled cluster using XLA!  This line is logged at most once for the lifetime of the process.
2025-10-02 18:36:00.115774: I ./tensorflow/compiler/jit/device_compiler.h:186] Compiled cluster using XLA!  This line is logged at most once for the lifetime of the process.
2025-10-02 18:36:06.295306: I tensorflow/compiler/xla/stream_executor/cuda/cuda_blas.cc:625] TensorFloat-32 will be used for the matrix multiplication. This will only be logged once.
2025-10-02 18:36:06.503427: I tensorflow/compiler/xla/service/service.cc:168] XLA service 0x1526b1a4d270 initialized for platform CUDA (this does not guarantee that XLA will be used). Devices:
2025-10-02 18:36:06.503510: I tensorflow/compiler/xla/service/service.cc:176]   StreamExecutor device (0): NVIDIA A100-SXM4-80GB, Compute Capability 8.0
2025-10-02 18:36:06.584402: I tensorflow/compiler/mlir/tensorflow/utils/dump_mlir_util.cc:255] disabling MLIR crash reproducer, set env var `MLIR_CRASH_REPRODUCER_DIRECTORY` to enable.
2025-10-02 18:36:07.916538: I tensorflow/compiler/xla/stream_executor/cuda/cuda_dnn.cc:432] Loaded cuDNN version 8904
2025-10-02 18:36:08.395514: I ./tensorflow/compiler/jit/device_compiler.h:186] Compiled cluster using XLA!  This line is logged at most once for the lifetime of the process.
slurmstepd: error: *** JOB 4387424 ON udc-an37-19 CANCELLED AT 2025-10-02T19:26:46 DUE TO TIME LIMIT ***
slurmstepd: error: *** JOB 4387451 ON udc-an37-19 CANCELLED AT 2025-10-02T19:35:45 DUE TO TIME LIMIT ***
