To execute the default application inside the container, run:
apptainer run --nv $CONTAINERDIR/tensorflow-2.17.0.sif

This container is based on NGC 24.11
https://docs.nvidia.com/deeplearning/frameworks/tensorflow-release-notes/rel-24-11.html#rel-24-11
2026-01-26 20:25:28.053527: E external/local_xla/xla/stream_executor/cuda/cuda_fft.cc:485] Unable to register cuFFT factory: Attempting to register factory for plugin cuFFT when one has already been registered
2026-01-26 20:25:28.245420: E external/local_xla/xla/stream_executor/cuda/cuda_dnn.cc:8473] Unable to register cuDNN factory: Attempting to register factory for plugin cuDNN when one has already been registered
2026-01-26 20:25:28.301450: E external/local_xla/xla/stream_executor/cuda/cuda_blas.cc:1471] Unable to register cuBLAS factory: Attempting to register factory for plugin cuBLAS when one has already been registered
2026-01-26 20:25:28.817450: I tensorflow/core/platform/cpu_feature_guard.cc:211] This TensorFlow binary is optimized to use available CPU instructions in performance-critical operations.
To enable the following instructions: SSE3 SSE4.1 SSE4.2 AVX, in other operations, rebuild TensorFlow with the appropriate compiler flags.
2026-01-26 20:25:37.368770: I tensorflow/core/common_runtime/gpu/gpu_device.cc:2021] Created device /job:localhost/replica:0/task:0/device:GPU:0 with 78812 MB memory:  -> device: 0, name: NVIDIA A100-SXM4-80GB, pci bus id: 0000:90:00.0, compute capability: 8.0
''''+ptx85+ptx85+ptx85+ptx85' is not a recognized feature for this target' is not a recognized feature for this target' is not a recognized feature for this target' is not a recognized feature for this target (ignoring feature)
 (ignoring feature)
 (ignoring feature)
 (ignoring feature)
''''+ptx85+ptx85+ptx85+ptx85' is not a recognized feature for this target' is not a recognized feature for this target' is not a recognized feature for this target' is not a recognized feature for this target (ignoring feature)
 (ignoring feature)
 (ignoring feature)
 (ignoring feature)
''''+ptx85+ptx85+ptx85+ptx85' is not a recognized feature for this target' is not a recognized feature for this target' is not a recognized feature for this target' is not a recognized feature for this target (ignoring feature)
 (ignoring feature)
 (ignoring feature)
 (ignoring feature)
'+ptx85' is not a recognized feature for this target (ignoring feature)
'+ptx85' is not a recognized feature for this target (ignoring feature)
'+ptx85' is not a recognized feature for this target (ignoring feature)
'+ptx85' is not a recognized feature for this target (ignoring feature)
'+ptx85' is not a recognized feature for this target (ignoring feature)
'+ptx85' is not a recognized feature for this target (ignoring feature)
'+ptx85' is not a recognized feature for this target (ignoring feature)
'+ptx85' is not a recognized feature for this target (ignoring feature)
'+ptx85' is not a recognized feature for this target (ignoring feature)
'+ptx85' is not a recognized feature for this target (ignoring feature)
'+ptx85' is not a recognized feature for this target (ignoring feature)
'+ptx85' is not a recognized feature for this target (ignoring feature)
'+ptx85' is not a recognized feature for this target (ignoring feature)
'+ptx85' is not a recognized feature for this target (ignoring feature)
'+ptx85' is not a recognized feature for this target (ignoring feature)
'+ptx85' is not a recognized feature for this target (ignoring feature)
'+ptx85' is not a recognized feature for this target (ignoring feature)
'+ptx85' is not a recognized feature for this target (ignoring feature)
'+ptx85' is not a recognized feature for this target (ignoring feature)
'+ptx85' is not a recognized feature for this target (ignoring feature)
'+ptx85' is not a recognized feature for this target (ignoring feature)
'+ptx85' is not a recognized feature for this target (ignoring feature)
'+ptx85' is not a recognized feature for this target' (ignoring feature)
+ptx85' is not a recognized feature for this target (ignoring feature)
'+ptx85' is not a recognized feature for this target (ignoring feature)
'+ptx85' is not a recognized feature for this target (ignoring feature)
'+ptx85' is not a recognized feature for this target (ignoring feature)
'+ptx85' is not a recognized feature for this target (ignoring feature)
'+ptx85' is not a recognized feature for this target (ignoring feature)
'+ptx85' is not a recognized feature for this target (ignoring feature)
'+ptx85' is not a recognized feature for this target (ignoring feature)
'+ptx85' is not a recognized feature for this target (ignoring feature)
'+ptx85' is not a recognized feature for this target (ignoring feature)
'+ptx85' is not a recognized feature for this target (ignoring feature)
'+ptx85' is not a recognized feature for this target (ignoring feature)
'+ptx85' is not a recognized feature for this target (ignoring feature)
'+ptx85' is not a recognized feature for this target (ignoring feature)
'+ptx85' is not a recognized feature for this target (ignoring feature)
'+ptx85' is not a recognized feature for this target (ignoring feature)
'+ptx85' is not a recognized feature for this target (ignoring feature)
'+ptx85' is not a recognized feature for this target (ignoring feature)
'+ptx85' is not a recognized feature for this target (ignoring feature)
'+ptx85' is not a recognized feature for this target (ignoring feature)
'+ptx85' is not a recognized feature for this target (ignoring feature)
'+ptx85' is not a recognized feature for this target (ignoring feature)
'+ptx85' is not a recognized feature for this target (ignoring feature)
'+ptx85' is not a recognized feature for this target (ignoring feature)
'+ptx85' is not a recognized feature for this target (ignoring feature)
'+ptx85' is not a recognized feature for this target (ignoring feature)
'+ptx85' is not a recognized feature for this target (ignoring feature)
'+ptx85' is not a recognized feature for this target (ignoring feature)
'+ptx85' is not a recognized feature for this target (ignoring feature)
'+ptx85' is not a recognized feature for this target (ignoring feature)
'+ptx85' is not a recognized feature for this target (ignoring feature)
'+ptx85' is not a recognized feature for this target (ignoring feature)
'+ptx85' is not a recognized feature for this target (ignoring feature)
'+ptx85' is not a recognized feature for this target (ignoring feature)
'+ptx85' is not a recognized feature for this target (ignoring feature)
'+ptx85' is not a recognized feature for this target (ignoring feature)
'+ptx85' is not a recognized feature for this target (ignoring feature)
'+ptx85' is not a recognized feature for this target (ignoring feature)
'+ptx85' is not a recognized feature for this target (ignoring feature)
'+ptx85' is not a recognized feature for this target (ignoring feature)
'+ptx85' is not a recognized feature for this target (ignoring feature)
'+ptx85' is not a recognized feature for this target (ignoring feature)
'+ptx85' is not a recognized feature for this target (ignoring feature)
'+ptx85' is not a recognized feature for this target (ignoring feature)
'+ptx85' is not a recognized feature for this target (ignoring feature)
'+ptx85' is not a recognized feature for this target (ignoring feature)
'+ptx85' is not a recognized feature for this target (ignoring feature)
'+ptx85' is not a recognized feature for this target (ignoring feature)
'+ptx85' is not a recognized feature for this target (ignoring feature)
'+ptx85' is not a recognized feature for this target (ignoring feature)
'+ptx85' is not a recognized feature for this target (ignoring feature)
'+ptx85' is not a recognized feature for this target (ignoring feature)
'+ptx85' is not a recognized feature for this target (ignoring feature)
'+ptx85' is not a recognized feature for this target (ignoring feature)
'+ptx85' is not a recognized feature for this target (ignoring feature)
'+ptx85' is not a recognized feature for this target (ignoring feature)
'+ptx85' is not a recognized feature for this target (ignoring feature)
'+ptx85' is not a recognized feature for this target (ignoring feature)
'+ptx85' is not a recognized feature for this target (ignoring feature)
'+ptx85' is not a recognized feature for this target (ignoring feature)
'+ptx85' is not a recognized feature for this target (ignoring feature)
'+ptx85' is not a recognized feature for this target (ignoring feature)
'+ptx85' is not a recognized feature for this target (ignoring feature)
'+ptx85' is not a recognized feature for this target (ignoring feature)
'+ptx85' is not a recognized feature for this target (ignoring feature)
'+ptx85' is not a recognized feature for this target (ignoring feature)
'+ptx85' is not a recognized feature for this target (ignoring feature)
'+ptx85' is not a recognized feature for this target (ignoring feature)
'+ptx85' is not a recognized feature for this target (ignoring feature)
'+ptx85' is not a recognized feature for this target (ignoring feature)
'+ptx85' is not a recognized feature for this target (ignoring feature)
'+ptx85' is not a recognized feature for this target (ignoring feature)
'+ptx85' is not a recognized feature for this target (ignoring feature)
'+ptx85' is not a recognized feature for this target (ignoring feature)
'+ptx85' is not a recognized feature for this target (ignoring feature)
'+ptx85' is not a recognized feature for this target (ignoring feature)
'+ptx85' is not a recognized feature for this target (ignoring feature)
'+ptx85' is not a recognized feature for this target (ignoring feature)
'+ptx85' is not a recognized feature for this target (ignoring feature)
/home/qzf7nj/Physics_Testing/1_15_work/systematic_study/fixed_ReH_zero_error_1000_points/20_replicas/[step_3]Gen_csvs.py:233: RuntimeWarning: divide by zero encountered in divide
  chi_square_error = np.sum(((real_F_values - mean_f_predictions) / std_f_predictions) ** 2)
