
================
== TensorFlow ==
================

================
== TensorFlow ==
================

================
== TensorFlow ==
================

NVIDIA Release 24.11-tf2 (build 122403184)
TensorFlow Version 2.17.0

NVIDIA Release 24.11-tf2 (build 122403184)
TensorFlow Version 2.17.0

NVIDIA Release 24.11-tf2 (build 122403184)
TensorFlow Version 2.17.0
Container image Copyright (c) 2024, NVIDIA CORPORATION & AFFILIATES. All rights reserved.
Container image Copyright (c) 2024, NVIDIA CORPORATION & AFFILIATES. All rights reserved.
Container image Copyright (c) 2024, NVIDIA CORPORATION & AFFILIATES. All rights reserved.
Copyright 2017-2024 The TensorFlow Authors.  All rights reserved.
Copyright 2017-2024 The TensorFlow Authors.  All rights reserved.
Copyright 2017-2024 The TensorFlow Authors.  All rights reserved.

Various files include modifications (c) NVIDIA CORPORATION & AFFILIATES.  All rights reserved.

This container image and its contents are governed by the NVIDIA Deep Learning Container License.
By pulling and using the container, you accept the terms and conditions of this license:
https://developer.nvidia.com/ngc/nvidia-deep-learning-container-license

Various files include modifications (c) NVIDIA CORPORATION & AFFILIATES.  All rights reserved.

This container image and its contents are governed by the NVIDIA Deep Learning Container License.
By pulling and using the container, you accept the terms and conditions of this license:
https://developer.nvidia.com/ngc/nvidia-deep-learning-container-license

Various files include modifications (c) NVIDIA CORPORATION & AFFILIATES.  All rights reserved.

This container image and its contents are governed by the NVIDIA Deep Learning Container License.
By pulling and using the container, you accept the terms and conditions of this license:
https://developer.nvidia.com/ngc/nvidia-deep-learning-container-license



29/29 - 92s - loss: 6.5019e-10 - mae: 2.2799e-05 - val_loss: 6.5477e-10 - val_mae: 2.3269e-05 - lr: 0.0018 - 92s/epoch - 3s/step
Epoch 26/50
29/29 - 92s - loss: 6.5756e-10 - mae: 2.3018e-05 - val_loss: 5.9045e-10 - val_mae: 2.1314e-05 - lr: 0.0047 - 92s/epoch - 3s/step
Epoch 19/50
29/29 - 94s - loss: 6.4767e-10 - mae: 2.2761e-05 - val_loss: 6.7703e-10 - val_mae: 2.3534e-05 - lr: 0.0021 - 94s/epoch - 3s/step
Epoch 25/50
29/29 - 92s - loss: 6.5825e-10 - mae: 2.3011e-05 - val_loss: 5.8235e-10 - val_mae: 2.1391e-05 - lr: 0.0021 - 92s/epoch - 3s/step
Epoch 25/50
Folder '/scratch/qzf7nj/1_15_work/systematic_study/fixed_ReH_zero_error_1000_points/20_replicas//Replica_Cross_Sections' already exists!
Running locally for kinematic set 55
Folder '/scratch/qzf7nj/1_15_work/systematic_study/fixed_ReH_zero_error_1000_points/20_replicas//DNNmodels_Kin_Set_55' already exists!
Folder '/scratch/qzf7nj/1_15_work/systematic_study/fixed_ReH_zero_error_1000_points/20_replicas//Losses_Plots_Kin_Set_55' already exists!
  Running replica 0 for set 55
Folder '/scratch/qzf7nj/1_15_work/systematic_study/fixed_ReH_zero_error_1000_points/20_replicas//Replica_Cross_Sections/Kinematic_Set_55' already exists!
Epoch 1/50
Folder '/scratch/qzf7nj/1_15_work/systematic_study/fixed_ReH_zero_error_1000_points/20_replicas//Replica_Cross_Sections' already exists!
Running locally for kinematic set 55
Folder '/scratch/qzf7nj/1_15_work/systematic_study/fixed_ReH_zero_error_1000_points/20_replicas//DNNmodels_Kin_Set_55' already exists!
Folder '/scratch/qzf7nj/1_15_work/systematic_study/fixed_ReH_zero_error_1000_points/20_replicas//Losses_Plots_Kin_Set_55' already exists!
  Running replica 0 for set 55
Folder '/scratch/qzf7nj/1_15_work/systematic_study/fixed_ReH_zero_error_1000_points/20_replicas//Replica_Cross_Sections/Kinematic_Set_55' already exists!
Epoch 1/50
Folder '/scratch/qzf7nj/1_15_work/systematic_study/fixed_ReH_zero_error_1000_points/20_replicas//Replica_Cross_Sections' already exists!
Running locally for kinematic set 55
Folder '/scratch/qzf7nj/1_15_work/systematic_study/fixed_ReH_zero_error_1000_points/20_replicas//DNNmodels_Kin_Set_55' already exists!
Folder '/scratch/qzf7nj/1_15_work/systematic_study/fixed_ReH_zero_error_1000_points/20_replicas//Losses_Plots_Kin_Set_55' already exists!
  Running replica 0 for set 55
Folder '/scratch/qzf7nj/1_15_work/systematic_study/fixed_ReH_zero_error_1000_points/20_replicas//Replica_Cross_Sections/Kinematic_Set_55' already exists!
Epoch 1/50
29/29 - 92s - loss: 6.4789e-10 - mae: 2.2779e-05 - val_loss: 6.7699e-10 - val_mae: 2.3387e-05 - lr: 0.0033 - 92s/epoch - 3s/step
Epoch 22/50
29/29 - 51s - loss: 6.5246e-10 - mae: 2.2859e-05 - val_loss: 6.3365e-10 - val_mae: 2.2632e-05 - lr: 6.5501e-06 - 51s/epoch - 2s/step
Epoch 35/50
29/29 - 90s - loss: 1.1979e-09 - mae: 2.8136e-05 - val_loss: 9.0623e-10 - val_mae: 2.5618e-05 - lr: 0.0097 - 90s/epoch - 3s/step
Epoch 5/50
29/29 - 91s - loss: 6.5589e-10 - mae: 2.2946e-05 - val_loss: 6.0492e-10 - val_mae: 2.2087e-05 - lr: 0.0018 - 91s/epoch - 3s/step
Epoch 26/50
29/29 - 90s - loss: 6.4436e-10 - mae: 2.2734e-05 - val_loss: 7.0749e-10 - val_mae: 2.3887e-05 - lr: 0.0060 - 90s/epoch - 3s/step
Epoch 16/50
29/29 - 90s - loss: 6.5887e-10 - mae: 2.3050e-05 - val_loss: 5.7981e-10 - val_mae: 2.0992e-05 - lr: 0.0060 - 90s/epoch - 3s/step
Epoch 16/50
29/29 - 91s - loss: 6.5813e-10 - mae: 2.3035e-05 - val_loss: 5.8472e-10 - val_mae: 2.1231e-05 - lr: 0.0060 - 91s/epoch - 3s/step
Epoch 16/50
29/29 - 91s - loss: 6.5842e-10 - mae: 2.3048e-05 - val_loss: 5.7973e-10 - val_mae: 2.0911e-05 - lr: 0.0084 - 91s/epoch - 3s/step
Epoch 10/50
29/29 - 92s - loss: 6.4860e-10 - mae: 2.2825e-05 - val_loss: 6.7213e-10 - val_mae: 2.2800e-05 - lr: 0.0060 - 92s/epoch - 3s/step
Epoch 16/50
29/29 - 92s - loss: 9.5464e-09 - mae: 6.5401e-05 - val_loss: 3.7230e-09 - val_mae: 4.0409e-05 - lr: 0.0099 - 92s/epoch - 3s/step
Epoch 3/50
29/29 - 51s - loss: 6.5246e-10 - mae: 2.2859e-05 - val_loss: 6.3365e-10 - val_mae: 2.2632e-05 - lr: 1.0000e-06 - 51s/epoch - 2s/step
Epoch 36/50
29/29 - 94s - loss: 6.5396e-10 - mae: 2.2983e-05 - val_loss: 6.2343e-10 - val_mae: 2.1782e-05 - lr: 0.0047 - 94s/epoch - 3s/step
Epoch 19/50
29/29 - 94s - loss: 6.5548e-10 - mae: 2.2921e-05 - val_loss: 6.0737e-10 - val_mae: 2.2208e-05 - lr: 0.0051 - 94s/epoch - 3s/step
Epoch 18/50
29/29 - 92s - loss: 6.5014e-10 - mae: 2.2794e-05 - val_loss: 6.5475e-10 - val_mae: 2.3273e-05 - lr: 0.0014 - 92s/epoch - 3s/step
Epoch 27/50
29/29 - 92s - loss: 6.5735e-10 - mae: 2.3016e-05 - val_loss: 5.9045e-10 - val_mae: 2.1314e-05 - lr: 0.0042 - 92s/epoch - 3s/step
Epoch 20/50
29/29 - 92s - loss: 6.4768e-10 - mae: 2.2757e-05 - val_loss: 6.7714e-10 - val_mae: 2.3526e-05 - lr: 0.0018 - 92s/epoch - 3s/step
Epoch 26/50
29/29 - 92s - loss: 6.5836e-10 - mae: 2.3004e-05 - val_loss: 5.8213e-10 - val_mae: 2.1375e-05 - lr: 0.0018 - 92s/epoch - 3s/step
Epoch 26/50
29/29 - 92s - loss: 6.4768e-10 - mae: 2.2776e-05 - val_loss: 6.7699e-10 - val_mae: 2.3388e-05 - lr: 0.0029 - 92s/epoch - 3s/step
Epoch 23/50
29/29 - 91s - loss: 7.8053e-10 - mae: 2.4609e-05 - val_loss: 6.8001e-10 - val_mae: 2.3498e-05 - lr: 0.0095 - 91s/epoch - 3s/step
Epoch 6/50
29/29 - 90s - loss: 6.4429e-10 - mae: 2.2726e-05 - val_loss: 7.0784e-10 - val_mae: 2.3873e-05 - lr: 0.0056 - 90s/epoch - 3s/step
Epoch 17/50
29/29 - 91s - loss: 6.5590e-10 - mae: 2.2946e-05 - val_loss: 6.0475e-10 - val_mae: 2.2082e-05 - lr: 0.0014 - 91s/epoch - 3s/step
Epoch 27/50
29/29 - 90s - loss: 6.5854e-10 - mae: 2.3038e-05 - val_loss: 5.7986e-10 - val_mae: 2.0991e-05 - lr: 0.0056 - 90s/epoch - 3s/step
Epoch 17/50
29/29 - 51s - loss: 6.5246e-10 - mae: 2.2859e-05 - val_loss: 6.3365e-10 - val_mae: 2.2632e-05 - lr: 1.0000e-06 - 51s/epoch - 2s/step
Epoch 37/50
29/29 - 111s - loss: 3.5953e-08 - mae: 1.3003e-04 - val_loss: 1.8596e-08 - val_mae: 9.5384e-05 - lr: 0.0100 - 111s/epoch - 4s/step
Epoch 2/50
29/29 - 112s - loss: 3.5351e-08 - mae: 1.3024e-04 - val_loss: 1.8238e-08 - val_mae: 9.2241e-05 - lr: 0.0100 - 112s/epoch - 4s/step
Epoch 2/50
29/29 - 113s - loss: 3.3923e-08 - mae: 1.2639e-04 - val_loss: 2.8895e-08 - val_mae: 1.2617e-04 - lr: 0.0100 - 113s/epoch - 4s/step
Epoch 2/50
29/29 - 91s - loss: 6.5830e-10 - mae: 2.3038e-05 - val_loss: 5.8439e-10 - val_mae: 2.1222e-05 - lr: 0.0056 - 91s/epoch - 3s/step
Epoch 17/50
29/29 - 92s - loss: 6.5878e-10 - mae: 2.3038e-05 - val_loss: 5.8053e-10 - val_mae: 2.0919e-05 - lr: 0.0081 - 92s/epoch - 3s/step
Epoch 11/50
29/29 - 92s - loss: 6.4857e-10 - mae: 2.2827e-05 - val_loss: 6.7087e-10 - val_mae: 2.2789e-05 - lr: 0.0056 - 92s/epoch - 3s/step
Epoch 17/50
29/29 - 92s - loss: 2.7525e-09 - mae: 3.7523e-05 - val_loss: 1.4111e-09 - val_mae: 2.9538e-05 - lr: 0.0098 - 92s/epoch - 3s/step
Epoch 4/50
29/29 - 94s - loss: 6.5395e-10 - mae: 2.2987e-05 - val_loss: 6.2285e-10 - val_mae: 2.1767e-05 - lr: 0.0042 - 94s/epoch - 3s/step
Epoch 20/50
29/29 - 95s - loss: 6.5555e-10 - mae: 2.2925e-05 - val_loss: 6.0759e-10 - val_mae: 2.2215e-05 - lr: 0.0047 - 95s/epoch - 3s/step
Epoch 19/50
29/29 - 51s - loss: 6.5246e-10 - mae: 2.2859e-05 - val_loss: 6.3365e-10 - val_mae: 2.2632e-05 - lr: 1.0000e-06 - 51s/epoch - 2s/step
Epoch 38/50
29/29 - 92s - loss: 6.5016e-10 - mae: 2.2793e-05 - val_loss: 6.5475e-10 - val_mae: 2.3276e-05 - lr: 0.0011 - 92s/epoch - 3s/step
Epoch 28/50
29/29 - 92s - loss: 6.5738e-10 - mae: 2.3019e-05 - val_loss: 5.9046e-10 - val_mae: 2.1314e-05 - lr: 0.0038 - 92s/epoch - 3s/step
Epoch 21/50
29/29 - 92s - loss: 6.5827e-10 - mae: 2.2995e-05 - val_loss: 5.8209e-10 - val_mae: 2.1370e-05 - lr: 0.0014 - 92s/epoch - 3s/step
Epoch 27/50
29/29 - 93s - loss: 6.4773e-10 - mae: 2.2760e-05 - val_loss: 6.7698e-10 - val_mae: 2.3537e-05 - lr: 0.0014 - 93s/epoch - 3s/step
Epoch 27/50
29/29 - 91s - loss: 6.7357e-10 - mae: 2.3243e-05 - val_loss: 6.3843e-10 - val_mae: 2.2781e-05 - lr: 0.0093 - 91s/epoch - 3s/step
Epoch 7/50
29/29 - 92s - loss: 6.4772e-10 - mae: 2.2775e-05 - val_loss: 6.7700e-10 - val_mae: 2.3388e-05 - lr: 0.0025 - 92s/epoch - 3s/step
Epoch 24/50
29/29 - 90s - loss: 6.4435e-10 - mae: 2.2721e-05 - val_loss: 7.0810e-10 - val_mae: 2.3862e-05 - lr: 0.0051 - 90s/epoch - 3s/step
Epoch 18/50
29/29 - 92s - loss: 6.5598e-10 - mae: 2.2945e-05 - val_loss: 6.0459e-10 - val_mae: 2.2078e-05 - lr: 0.0011 - 92s/epoch - 3s/step
Epoch 28/50
29/29 - 90s - loss: 6.5852e-10 - mae: 2.3038e-05 - val_loss: 5.7980e-10 - val_mae: 2.0992e-05 - lr: 0.0051 - 90s/epoch - 3s/step
Epoch 18/50
29/29 - 90s - loss: 9.5379e-09 - mae: 6.5488e-05 - val_loss: 5.3570e-09 - val_mae: 5.0418e-05 - lr: 0.0099 - 90s/epoch - 3s/step
Epoch 3/50
29/29 - 91s - loss: 9.3021e-09 - mae: 6.5129e-05 - val_loss: 4.8675e-09 - val_mae: 4.8300e-05 - lr: 0.0099 - 91s/epoch - 3s/step
Epoch 3/50
29/29 - 92s - loss: 1.0071e-08 - mae: 6.6652e-05 - val_loss: 8.3275e-09 - val_mae: 6.6140e-05 - lr: 0.0099 - 92s/epoch - 3s/step
Epoch 3/50
29/29 - 91s - loss: 6.5807e-10 - mae: 2.3024e-05 - val_loss: 5.8317e-10 - val_mae: 2.1191e-05 - lr: 0.0051 - 91s/epoch - 3s/step
Epoch 18/50
29/29 - 51s - loss: 6.5246e-10 - mae: 2.2859e-05 - val_loss: 6.3365e-10 - val_mae: 2.2632e-05 - lr: 1.0000e-06 - 51s/epoch - 2s/step
Epoch 39/50
29/29 - 91s - loss: 6.5863e-10 - mae: 2.3043e-05 - val_loss: 5.7964e-10 - val_mae: 2.0910e-05 - lr: 0.0077 - 91s/epoch - 3s/step
Epoch 12/50
29/29 - 92s - loss: 6.4863e-10 - mae: 2.2833e-05 - val_loss: 6.7069e-10 - val_mae: 2.2788e-05 - lr: 0.0051 - 92s/epoch - 3s/step
Epoch 18/50
29/29 - 92s - loss: 1.1493e-09 - mae: 2.7812e-05 - val_loss: 8.8165e-10 - val_mae: 2.6144e-05 - lr: 0.0097 - 92s/epoch - 3s/step
Epoch 5/50
29/29 - 93s - loss: 6.5409e-10 - mae: 2.2967e-05 - val_loss: 6.2155e-10 - val_mae: 2.1728e-05 - lr: 0.0038 - 93s/epoch - 3s/step
Epoch 21/50
29/29 - 94s - loss: 6.5564e-10 - mae: 2.2931e-05 - val_loss: 6.0811e-10 - val_mae: 2.2229e-05 - lr: 0.0042 - 94s/epoch - 3s/step
Epoch 20/50
29/29 - 51s - loss: 6.5246e-10 - mae: 2.2859e-05 - val_loss: 6.3365e-10 - val_mae: 2.2632e-05 - lr: 1.0000e-06 - 51s/epoch - 2s/step
Epoch 40/50
29/29 - 92s - loss: 6.5013e-10 - mae: 2.2790e-05 - val_loss: 6.5475e-10 - val_mae: 2.3276e-05 - lr: 8.5670e-04 - 92s/epoch - 3s/step
Epoch 29/50
29/29 - 92s - loss: 6.5724e-10 - mae: 2.3009e-05 - val_loss: 5.9091e-10 - val_mae: 2.1328e-05 - lr: 0.0033 - 92s/epoch - 3s/step
Epoch 22/50
29/29 - 91s - loss: 6.4765e-10 - mae: 2.2759e-05 - val_loss: 6.7701e-10 - val_mae: 2.3535e-05 - lr: 0.0011 - 91s/epoch - 3s/step
Epoch 28/50
29/29 - 92s - loss: 6.5824e-10 - mae: 2.2994e-05 - val_loss: 5.8208e-10 - val_mae: 2.1368e-05 - lr: 0.0011 - 92s/epoch - 3s/step
Epoch 28/50
29/29 - 91s - loss: 6.5675e-10 - mae: 2.2985e-05 - val_loss: 6.3032e-10 - val_mae: 2.2541e-05 - lr: 0.0090 - 91s/epoch - 3s/step
Epoch 8/50
29/29 - 92s - loss: 6.4776e-10 - mae: 2.2775e-05 - val_loss: 6.7697e-10 - val_mae: 2.3388e-05 - lr: 0.0021 - 92s/epoch - 3s/step
Epoch 25/50
29/29 - 90s - loss: 6.4457e-10 - mae: 2.2711e-05 - val_loss: 7.0910e-10 - val_mae: 2.3836e-05 - lr: 0.0047 - 90s/epoch - 3s/step
Epoch 19/50
29/29 - 91s - loss: 6.5590e-10 - mae: 2.2945e-05 - val_loss: 6.0472e-10 - val_mae: 2.2082e-05 - lr: 8.5670e-04 - 91s/epoch - 3s/step
Epoch 29/50
29/29 - 90s - loss: 6.5905e-10 - mae: 2.3067e-05 - val_loss: 5.7892e-10 - val_mae: 2.0996e-05 - lr: 0.0047 - 90s/epoch - 3s/step
Epoch 19/50
29/29 - 90s - loss: 3.0447e-09 - mae: 3.8887e-05 - val_loss: 2.0000e-09 - val_mae: 3.4913e-05 - lr: 0.0098 - 90s/epoch - 3s/step
Epoch 4/50
29/29 - 92s - loss: 2.7645e-09 - mae: 3.7452e-05 - val_loss: 1.8851e-09 - val_mae: 3.4811e-05 - lr: 0.0098 - 92s/epoch - 3s/step
Epoch 4/50
29/29 - 91s - loss: 6.5814e-10 - mae: 2.3029e-05 - val_loss: 5.8464e-10 - val_mae: 2.1229e-05 - lr: 0.0047 - 91s/epoch - 3s/step
Epoch 19/50
29/29 - 92s - loss: 3.0781e-09 - mae: 3.8940e-05 - val_loss: 3.0613e-09 - val_mae: 4.2518e-05 - lr: 0.0098 - 92s/epoch - 3s/step
Epoch 4/50
29/29 - 90s - loss: 6.5864e-10 - mae: 2.3041e-05 - val_loss: 5.8021e-10 - val_mae: 2.0916e-05 - lr: 0.0073 - 90s/epoch - 3s/step
Epoch 13/50
29/29 - 51s - loss: 6.5246e-10 - mae: 2.2859e-05 - val_loss: 6.3365e-10 - val_mae: 2.2632e-05 - lr: 1.0000e-06 - 51s/epoch - 2s/step
Epoch 41/50
29/29 - 92s - loss: 6.4854e-10 - mae: 2.2828e-05 - val_loss: 6.7081e-10 - val_mae: 2.2789e-05 - lr: 0.0047 - 92s/epoch - 3s/step
Epoch 19/50
29/29 - 92s - loss: 7.7771e-10 - mae: 2.4485e-05 - val_loss: 7.2373e-10 - val_mae: 2.4492e-05 - lr: 0.0095 - 92s/epoch - 3s/step
Epoch 6/50
29/29 - 93s - loss: 6.5382e-10 - mae: 2.2959e-05 - val_loss: 6.2188e-10 - val_mae: 2.1738e-05 - lr: 0.0033 - 93s/epoch - 3s/step
Epoch 22/50
29/29 - 95s - loss: 6.5557e-10 - mae: 2.2926e-05 - val_loss: 6.0757e-10 - val_mae: 2.2214e-05 - lr: 0.0038 - 95s/epoch - 3s/step
Epoch 21/50
29/29 - 92s - loss: 6.5016e-10 - mae: 2.2791e-05 - val_loss: 6.5475e-10 - val_mae: 2.3276e-05 - lr: 6.1940e-04 - 92s/epoch - 3s/step
Epoch 30/50
29/29 - 51s - loss: 6.5246e-10 - mae: 2.2859e-05 - val_loss: 6.3365e-10 - val_mae: 2.2632e-05 - lr: 1.0000e-06 - 51s/epoch - 2s/step
Epoch 42/50
29/29 - 92s - loss: 6.5734e-10 - mae: 2.3005e-05 - val_loss: 5.9095e-10 - val_mae: 2.1329e-05 - lr: 0.0029 - 92s/epoch - 3s/step
Epoch 23/50
29/29 - 92s - loss: 6.5824e-10 - mae: 2.2994e-05 - val_loss: 5.8209e-10 - val_mae: 2.1370e-05 - lr: 8.5670e-04 - 92s/epoch - 3s/step
Epoch 29/50
29/29 - 93s - loss: 6.4763e-10 - mae: 2.2756e-05 - val_loss: 6.7715e-10 - val_mae: 2.3528e-05 - lr: 8.5670e-04 - 93s/epoch - 3s/step
Epoch 29/50
29/29 - 90s - loss: 6.5356e-10 - mae: 2.2907e-05 - val_loss: 6.2964e-10 - val_mae: 2.2452e-05 - lr: 0.0087 - 90s/epoch - 3s/step
Epoch 9/50
29/29 - 90s - loss: 6.4446e-10 - mae: 2.2705e-05 - val_loss: 7.0874e-10 - val_mae: 2.3846e-05 - lr: 0.0042 - 90s/epoch - 3s/step
Epoch 20/50
29/29 - 92s - loss: 6.4771e-10 - mae: 2.2775e-05 - val_loss: 6.7699e-10 - val_mae: 2.3388e-05 - lr: 0.0018 - 92s/epoch - 3s/step
Epoch 26/50
29/29 - 91s - loss: 6.5598e-10 - mae: 2.2944e-05 - val_loss: 6.0411e-10 - val_mae: 2.2065e-05 - lr: 6.1940e-04 - 91s/epoch - 3s/step
Epoch 30/50
29/29 - 90s - loss: 6.5880e-10 - mae: 2.3065e-05 - val_loss: 5.7896e-10 - val_mae: 2.0996e-05 - lr: 0.0042 - 90s/epoch - 3s/step
Epoch 20/50
29/29 - 90s - loss: 1.3064e-09 - mae: 2.8915e-05 - val_loss: 1.0249e-09 - val_mae: 2.7805e-05 - lr: 0.0097 - 90s/epoch - 3s/step
Epoch 5/50
29/29 - 90s - loss: 6.5816e-10 - mae: 2.3028e-05 - val_loss: 5.8477e-10 - val_mae: 2.1232e-05 - lr: 0.0042 - 90s/epoch - 3s/step
Epoch 20/50
29/29 - 91s - loss: 1.2090e-09 - mae: 2.8141e-05 - val_loss: 1.0273e-09 - val_mae: 2.8738e-05 - lr: 0.0097 - 91s/epoch - 3s/step
Epoch 5/50
29/29 - 92s - loss: 1.3322e-09 - mae: 2.9079e-05 - val_loss: 1.3670e-09 - val_mae: 3.1045e-05 - lr: 0.0097 - 92s/epoch - 3s/step
Epoch 5/50
29/29 - 91s - loss: 6.5870e-10 - mae: 2.3050e-05 - val_loss: 5.7902e-10 - val_mae: 2.0905e-05 - lr: 0.0069 - 91s/epoch - 3s/step
Epoch 14/50
29/29 - 92s - loss: 6.4855e-10 - mae: 2.2831e-05 - val_loss: 6.7054e-10 - val_mae: 2.2787e-05 - lr: 0.0042 - 92s/epoch - 3s/step
Epoch 20/50
29/29 - 92s - loss: 6.7589e-10 - mae: 2.3236e-05 - val_loss: 6.8598e-10 - val_mae: 2.3854e-05 - lr: 0.0093 - 92s/epoch - 3s/step
Epoch 7/50
29/29 - 51s - loss: 6.5246e-10 - mae: 2.2859e-05 - val_loss: 6.3365e-10 - val_mae: 2.2632e-05 - lr: 1.0000e-06 - 51s/epoch - 2s/step
Epoch 43/50
29/29 - 93s - loss: 6.5399e-10 - mae: 2.2973e-05 - val_loss: 6.2231e-10 - val_mae: 2.1752e-05 - lr: 0.0029 - 93s/epoch - 3s/step
Epoch 23/50
29/29 - 95s - loss: 6.5550e-10 - mae: 2.2922e-05 - val_loss: 6.0768e-10 - val_mae: 2.2217e-05 - lr: 0.0033 - 95s/epoch - 3s/step
Epoch 22/50
29/29 - 92s - loss: 6.5018e-10 - mae: 2.2794e-05 - val_loss: 6.5476e-10 - val_mae: 2.3270e-05 - lr: 4.1845e-04 - 92s/epoch - 3s/step
Epoch 31/50
29/29 - 92s - loss: 6.5731e-10 - mae: 2.3003e-05 - val_loss: 5.9114e-10 - val_mae: 2.1334e-05 - lr: 0.0025 - 92s/epoch - 3s/step
Epoch 24/50
29/29 - 92s - loss: 6.5824e-10 - mae: 2.2994e-05 - val_loss: 5.8211e-10 - val_mae: 2.1372e-05 - lr: 6.1940e-04 - 92s/epoch - 3s/step
Epoch 30/50
29/29 - 91s - loss: 6.5306e-10 - mae: 2.2886e-05 - val_loss: 6.2965e-10 - val_mae: 2.2452e-05 - lr: 0.0084 - 91s/epoch - 3s/step
Epoch 10/50
29/29 - 90s - loss: 6.4429e-10 - mae: 2.2720e-05 - val_loss: 7.0764e-10 - val_mae: 2.3879e-05 - lr: 0.0038 - 90s/epoch - 3s/step
Epoch 21/50
29/29 - 95s - loss: 6.4770e-10 - mae: 2.2757e-05 - val_loss: 6.7709e-10 - val_mae: 2.3530e-05 - lr: 6.1940e-04 - 95s/epoch - 3s/step
Epoch 30/50
29/29 - 51s - loss: 6.5246e-10 - mae: 2.2859e-05 - val_loss: 6.3365e-10 - val_mae: 2.2632e-05 - lr: 1.0000e-06 - 51s/epoch - 2s/step
Epoch 44/50
29/29 - 92s - loss: 6.4765e-10 - mae: 2.2771e-05 - val_loss: 6.7696e-10 - val_mae: 2.3387e-05 - lr: 0.0014 - 92s/epoch - 3s/step
Epoch 27/50
29/29 - 91s - loss: 6.5593e-10 - mae: 2.2943e-05 - val_loss: 6.0411e-10 - val_mae: 2.2065e-05 - lr: 4.1845e-04 - 91s/epoch - 3s/step
Epoch 31/50
29/29 - 89s - loss: 6.5862e-10 - mae: 2.3049e-05 - val_loss: 5.8000e-10 - val_mae: 2.0991e-05 - lr: 0.0038 - 89s/epoch - 3s/step
Epoch 21/50
29/29 - 90s - loss: 8.1442e-10 - mae: 2.4843e-05 - val_loss: 7.2647e-10 - val_mae: 2.4539e-05 - lr: 0.0095 - 90s/epoch - 3s/step
Epoch 6/50
29/29 - 90s - loss: 6.5813e-10 - mae: 2.3038e-05 - val_loss: 5.8649e-10 - val_mae: 2.1274e-05 - lr: 0.0038 - 90s/epoch - 3s/step
Epoch 21/50
29/29 - 91s - loss: 7.7402e-10 - mae: 2.4319e-05 - val_loss: 7.8441e-10 - val_mae: 2.5725e-05 - lr: 0.0095 - 91s/epoch - 3s/step
Epoch 6/50
29/29 - 92s - loss: 8.2708e-10 - mae: 2.4888e-05 - val_loss: 8.6310e-10 - val_mae: 2.5787e-05 - lr: 0.0095 - 92s/epoch - 3s/step
Epoch 6/50
29/29 - 91s - loss: 6.5884e-10 - mae: 2.3062e-05 - val_loss: 5.7860e-10 - val_mae: 2.0902e-05 - lr: 0.0065 - 91s/epoch - 3s/step
Epoch 15/50
29/29 - 92s - loss: 6.4849e-10 - mae: 2.2828e-05 - val_loss: 6.7152e-10 - val_mae: 2.2795e-05 - lr: 0.0038 - 92s/epoch - 3s/step
Epoch 21/50
29/29 - 92s - loss: 6.5444e-10 - mae: 2.2914e-05 - val_loss: 6.7567e-10 - val_mae: 2.3589e-05 - lr: 0.0090 - 92s/epoch - 3s/step
Epoch 8/50
29/29 - 51s - loss: 6.5246e-10 - mae: 2.2859e-05 - val_loss: 6.3365e-10 - val_mae: 2.2632e-05 - lr: 1.0000e-06 - 51s/epoch - 2s/step
Epoch 45/50
29/29 - 92s - loss: 6.5383e-10 - mae: 2.2972e-05 - val_loss: 6.2234e-10 - val_mae: 2.1753e-05 - lr: 0.0025 - 92s/epoch - 3s/step
Epoch 24/50
29/29 - 94s - loss: 6.5550e-10 - mae: 2.2927e-05 - val_loss: 6.0798e-10 - val_mae: 2.2225e-05 - lr: 0.0029 - 94s/epoch - 3s/step
Epoch 23/50
29/29 - 92s - loss: 6.5014e-10 - mae: 2.2794e-05 - val_loss: 6.5476e-10 - val_mae: 2.3272e-05 - lr: 2.5549e-04 - 92s/epoch - 3s/step
Epoch 32/50
29/29 - 92s - loss: 6.5721e-10 - mae: 2.2999e-05 - val_loss: 5.9116e-10 - val_mae: 2.1334e-05 - lr: 0.0021 - 92s/epoch - 3s/step
Epoch 25/50
29/29 - 92s - loss: 6.5822e-10 - mae: 2.2997e-05 - val_loss: 5.8213e-10 - val_mae: 2.1374e-05 - lr: 4.1845e-04 - 92s/epoch - 3s/step
Epoch 31/50
29/29 - 91s - loss: 6.5308e-10 - mae: 2.2879e-05 - val_loss: 6.2965e-10 - val_mae: 2.2441e-05 - lr: 0.0081 - 91s/epoch - 3s/step
Epoch 11/50
29/29 - 90s - loss: 6.4426e-10 - mae: 2.2726e-05 - val_loss: 7.0779e-10 - val_mae: 2.3874e-05 - lr: 0.0033 - 90s/epoch - 3s/step
Epoch 22/50
29/29 - 92s - loss: 6.4767e-10 - mae: 2.2756e-05 - val_loss: 6.7713e-10 - val_mae: 2.3529e-05 - lr: 4.1845e-04 - 92s/epoch - 3s/step
Epoch 31/50
29/29 - 90s - loss: 6.5856e-10 - mae: 2.3034e-05 - val_loss: 5.8027e-10 - val_mae: 2.0990e-05 - lr: 0.0033 - 90s/epoch - 3s/step
Epoch 22/50
29/29 - 92s - loss: 6.4780e-10 - mae: 2.2768e-05 - val_loss: 6.7694e-10 - val_mae: 2.3387e-05 - lr: 0.0011 - 92s/epoch - 3s/step
Epoch 28/50
29/29 - 91s - loss: 6.5597e-10 - mae: 2.2945e-05 - val_loss: 6.0427e-10 - val_mae: 2.2070e-05 - lr: 2.5549e-04 - 91s/epoch - 3s/step
Epoch 32/50
29/29 - 90s - loss: 6.8586e-10 - mae: 2.3368e-05 - val_loss: 6.5523e-10 - val_mae: 2.3459e-05 - lr: 0.0093 - 90s/epoch - 3s/step
Epoch 7/50
29/29 - 51s - loss: 6.5246e-10 - mae: 2.2859e-05 - val_loss: 6.3365e-10 - val_mae: 2.2632e-05 - lr: 1.0000e-06 - 51s/epoch - 2s/step
Epoch 46/50
29/29 - 90s - loss: 6.5800e-10 - mae: 2.3041e-05 - val_loss: 5.8812e-10 - val_mae: 2.1314e-05 - lr: 0.0033 - 90s/epoch - 3s/step
Epoch 22/50
29/29 - 92s - loss: 6.7188e-10 - mae: 2.3158e-05 - val_loss: 7.1698e-10 - val_mae: 2.4516e-05 - lr: 0.0093 - 92s/epoch - 3s/step
Epoch 7/50
29/29 - 92s - loss: 6.9255e-10 - mae: 2.3525e-05 - val_loss: 6.9135e-10 - val_mae: 2.3530e-05 - lr: 0.0093 - 92s/epoch - 3s/step
Epoch 7/50
29/29 - 91s - loss: 6.5883e-10 - mae: 2.3063e-05 - val_loss: 5.7893e-10 - val_mae: 2.0904e-05 - lr: 0.0060 - 91s/epoch - 3s/step
Epoch 16/50
29/29 - 92s - loss: 6.4849e-10 - mae: 2.2817e-05 - val_loss: 6.7343e-10 - val_mae: 2.2812e-05 - lr: 0.0033 - 92s/epoch - 3s/step
Epoch 22/50
29/29 - 93s - loss: 6.4936e-10 - mae: 2.2828e-05 - val_loss: 6.7350e-10 - val_mae: 2.3496e-05 - lr: 0.0087 - 93s/epoch - 3s/step
Epoch 9/50
29/29 - 92s - loss: 6.5403e-10 - mae: 2.2973e-05 - val_loss: 6.2228e-10 - val_mae: 2.1751e-05 - lr: 0.0021 - 92s/epoch - 3s/step
Epoch 25/50
29/29 - 51s - loss: 6.5246e-10 - mae: 2.2859e-05 - val_loss: 6.3365e-10 - val_mae: 2.2632e-05 - lr: 1.0000e-06 - 51s/epoch - 2s/step
Epoch 47/50
29/29 - 94s - loss: 6.5555e-10 - mae: 2.2921e-05 - val_loss: 6.0711e-10 - val_mae: 2.2201e-05 - lr: 0.0025 - 94s/epoch - 3s/step
Epoch 24/50
29/29 - 92s - loss: 6.5014e-10 - mae: 2.2795e-05 - val_loss: 6.5476e-10 - val_mae: 2.3270e-05 - lr: 1.3190e-04 - 92s/epoch - 3s/step
Epoch 33/50
29/29 - 90s - loss: 6.4427e-10 - mae: 2.2725e-05 - val_loss: 7.0779e-10 - val_mae: 2.3874e-05 - lr: 0.0029 - 90s/epoch - 3s/step
Epoch 23/50
29/29 - 91s - loss: 6.5338e-10 - mae: 2.2893e-05 - val_loss: 6.2965e-10 - val_mae: 2.2441e-05 - lr: 0.0077 - 91s/epoch - 3s/step
Epoch 12/50
29/29 - 92s - loss: 6.5725e-10 - mae: 2.3004e-05 - val_loss: 5.9095e-10 - val_mae: 2.1329e-05 - lr: 0.0018 - 92s/epoch - 3s/step
Epoch 26/50
29/29 - 92s - loss: 6.5819e-10 - mae: 2.2997e-05 - val_loss: 5.8213e-10 - val_mae: 2.1374e-05 - lr: 2.5549e-04 - 92s/epoch - 3s/step
Epoch 32/50
29/29 - 89s - loss: 6.5856e-10 - mae: 2.3037e-05 - val_loss: 5.8005e-10 - val_mae: 2.0991e-05 - lr: 0.0029 - 89s/epoch - 3s/step
Epoch 23/50
29/29 - 92s - loss: 6.4765e-10 - mae: 2.2756e-05 - val_loss: 6.7711e-10 - val_mae: 2.3529e-05 - lr: 2.5549e-04 - 92s/epoch - 3s/step
Epoch 32/50
29/29 - 92s - loss: 6.4774e-10 - mae: 2.2770e-05 - val_loss: 6.7697e-10 - val_mae: 2.3388e-05 - lr: 8.5670e-04 - 92s/epoch - 3s/step
Epoch 29/50
29/29 - 91s - loss: 6.5588e-10 - mae: 2.2942e-05 - val_loss: 6.0402e-10 - val_mae: 2.2063e-05 - lr: 1.3190e-04 - 91s/epoch - 3s/step
Epoch 33/50
29/29 - 90s - loss: 6.5957e-10 - mae: 2.3017e-05 - val_loss: 6.3520e-10 - val_mae: 2.2962e-05 - lr: 0.0090 - 90s/epoch - 3s/step
Epoch 8/50
29/29 - 91s - loss: 6.5797e-10 - mae: 2.3043e-05 - val_loss: 5.8886e-10 - val_mae: 2.1332e-05 - lr: 0.0029 - 91s/epoch - 3s/step
Epoch 23/50
29/29 - 91s - loss: 6.5184e-10 - mae: 2.2881e-05 - val_loss: 6.9915e-10 - val_mae: 2.4104e-05 - lr: 0.0090 - 91s/epoch - 3s/step
Epoch 8/50
29/29 - 93s - loss: 6.6392e-10 - mae: 2.3136e-05 - val_loss: 6.3504e-10 - val_mae: 2.2581e-05 - lr: 0.0090 - 93s/epoch - 3s/step
Epoch 8/50
29/29 - 91s - loss: 6.5866e-10 - mae: 2.3051e-05 - val_loss: 5.7927e-10 - val_mae: 2.0907e-05 - lr: 0.0056 - 91s/epoch - 3s/step
Epoch 17/50
29/29 - 51s - loss: 6.5246e-10 - mae: 2.2859e-05 - val_loss: 6.3365e-10 - val_mae: 2.2632e-05 - lr: 1.0000e-06 - 51s/epoch - 2s/step
Epoch 48/50
29/29 - 92s - loss: 6.4864e-10 - mae: 2.2825e-05 - val_loss: 6.7184e-10 - val_mae: 2.2798e-05 - lr: 0.0029 - 92s/epoch - 3s/step
Epoch 23/50
29/29 - 92s - loss: 6.4898e-10 - mae: 2.2816e-05 - val_loss: 6.7320e-10 - val_mae: 2.3480e-05 - lr: 0.0084 - 92s/epoch - 3s/step
Epoch 10/50
29/29 - 92s - loss: 6.5392e-10 - mae: 2.2976e-05 - val_loss: 6.2254e-10 - val_mae: 2.1758e-05 - lr: 0.0018 - 92s/epoch - 3s/step
Epoch 26/50
29/29 - 51s - loss: 6.5246e-10 - mae: 2.2859e-05 - val_loss: 6.3365e-10 - val_mae: 2.2632e-05 - lr: 1.0000e-06 - 51s/epoch - 2s/step
Epoch 49/50
29/29 - 95s - loss: 6.5553e-10 - mae: 2.2922e-05 - val_loss: 6.0741e-10 - val_mae: 2.2209e-05 - lr: 0.0021 - 95s/epoch - 3s/step
Epoch 25/50
29/29 - 92s - loss: 6.5015e-10 - mae: 2.2794e-05 - val_loss: 6.5476e-10 - val_mae: 2.3271e-05 - lr: 4.8688e-05 - 92s/epoch - 3s/step
Epoch 34/50
29/29 - 90s - loss: 6.4428e-10 - mae: 2.2726e-05 - val_loss: 7.0784e-10 - val_mae: 2.3872e-05 - lr: 0.0025 - 90s/epoch - 3s/step
Epoch 24/50
29/29 - 91s - loss: 6.5302e-10 - mae: 2.2875e-05 - val_loss: 6.2977e-10 - val_mae: 2.2431e-05 - lr: 0.0073 - 91s/epoch - 3s/step
Epoch 13/50
29/29 - 89s - loss: 6.5851e-10 - mae: 2.3037e-05 - val_loss: 5.8002e-10 - val_mae: 2.0990e-05 - lr: 0.0025 - 89s/epoch - 3s/step
Epoch 24/50
29/29 - 92s - loss: 6.5727e-10 - mae: 2.3002e-05 - val_loss: 5.9115e-10 - val_mae: 2.1334e-05 - lr: 0.0014 - 92s/epoch - 3s/step
Epoch 27/50
29/29 - 92s - loss: 6.5821e-10 - mae: 2.2997e-05 - val_loss: 5.8214e-10 - val_mae: 2.1375e-05 - lr: 1.3190e-04 - 92s/epoch - 3s/step
Epoch 33/50
29/29 - 93s - loss: 6.4765e-10 - mae: 2.2756e-05 - val_loss: 6.7713e-10 - val_mae: 2.3528e-05 - lr: 1.3190e-04 - 93s/epoch - 3s/step
Epoch 33/50
29/29 - 91s - loss: 6.5590e-10 - mae: 2.2942e-05 - val_loss: 6.0388e-10 - val_mae: 2.2059e-05 - lr: 4.8688e-05 - 91s/epoch - 3s/step
Epoch 34/50
29/29 - 92s - loss: 6.4767e-10 - mae: 2.2769e-05 - val_loss: 6.7696e-10 - val_mae: 2.3387e-05 - lr: 6.1940e-04 - 92s/epoch - 3s/step
Epoch 30/50
29/29 - 90s - loss: 6.5431e-10 - mae: 2.2913e-05 - val_loss: 6.3043e-10 - val_mae: 2.2792e-05 - lr: 0.0087 - 90s/epoch - 3s/step
Epoch 9/50
29/29 - 91s - loss: 6.5809e-10 - mae: 2.3043e-05 - val_loss: 5.8796e-10 - val_mae: 2.1310e-05 - lr: 0.0025 - 91s/epoch - 3s/step
Epoch 24/50
29/29 - 91s - loss: 6.4812e-10 - mae: 2.2805e-05 - val_loss: 6.9316e-10 - val_mae: 2.3929e-05 - lr: 0.0087 - 91s/epoch - 3s/step
Epoch 9/50
29/29 - 91s - loss: 6.5869e-10 - mae: 2.3049e-05 - val_loss: 5.7967e-10 - val_mae: 2.0911e-05 - lr: 0.0051 - 91s/epoch - 3s/step
Epoch 18/50
29/29 - 92s - loss: 6.5847e-10 - mae: 2.3043e-05 - val_loss: 6.1165e-10 - val_mae: 2.2149e-05 - lr: 0.0087 - 92s/epoch - 3s/step
Epoch 9/50
29/29 - 51s - loss: 6.5246e-10 - mae: 2.2859e-05 - val_loss: 6.3365e-10 - val_mae: 2.2632e-05 - lr: 1.0000e-06 - 51s/epoch - 2s/step
Epoch 50/50
29/29 - 92s - loss: 6.4850e-10 - mae: 2.2822e-05 - val_loss: 6.7254e-10 - val_mae: 2.2804e-05 - lr: 0.0025 - 92s/epoch - 3s/step
Epoch 24/50
29/29 - 92s - loss: 6.4880e-10 - mae: 2.2791e-05 - val_loss: 6.7212e-10 - val_mae: 2.3406e-05 - lr: 0.0081 - 92s/epoch - 3s/step
Epoch 11/50
29/29 - 93s - loss: 6.5389e-10 - mae: 2.2973e-05 - val_loss: 6.2229e-10 - val_mae: 2.1751e-05 - lr: 0.0014 - 93s/epoch - 3s/step
Epoch 27/50
29/29 - 92s - loss: 6.5012e-10 - mae: 2.2794e-05 - val_loss: 6.5476e-10 - val_mae: 2.3271e-05 - lr: 6.5501e-06 - 92s/epoch - 3s/step
Epoch 35/50
29/29 - 51s - loss: 6.5246e-10 - mae: 2.2859e-05 - val_loss: 6.3365e-10 - val_mae: 2.2632e-05 - lr: 1.0000e-06 - 51s/epoch - 2s/step
29/29 - 94s - loss: 6.5553e-10 - mae: 2.2918e-05 - val_loss: 6.0701e-10 - val_mae: 2.2198e-05 - lr: 0.0018 - 94s/epoch - 3s/step
Epoch 26/50
    Completed replica 0 in 0:42:37.683976
  Running replica 1 for set 55
Folder '/scratch/qzf7nj/1_15_work/systematic_study/fixed_ReH_zero_error_1000_points/20_replicas//Replica_Cross_Sections/Kinematic_Set_55' already exists!
Epoch 1/50
29/29 - 90s - loss: 6.4434e-10 - mae: 2.2723e-05 - val_loss: 7.0796e-10 - val_mae: 2.3866e-05 - lr: 0.0021 - 90s/epoch - 3s/step
Epoch 25/50
29/29 - 91s - loss: 6.5325e-10 - mae: 2.2889e-05 - val_loss: 6.2963e-10 - val_mae: 2.2451e-05 - lr: 0.0069 - 91s/epoch - 3s/step
Epoch 14/50
29/29 - 89s - loss: 6.5847e-10 - mae: 2.3033e-05 - val_loss: 5.8021e-10 - val_mae: 2.0990e-05 - lr: 0.0021 - 89s/epoch - 3s/step
Epoch 25/50
29/29 - 92s - loss: 6.5733e-10 - mae: 2.3007e-05 - val_loss: 5.9088e-10 - val_mae: 2.1327e-05 - lr: 0.0011 - 92s/epoch - 3s/step
Epoch 28/50
29/29 - 92s - loss: 6.5819e-10 - mae: 2.2997e-05 - val_loss: 5.8214e-10 - val_mae: 2.1375e-05 - lr: 4.8688e-05 - 92s/epoch - 3s/step
Epoch 34/50
29/29 - 91s - loss: 6.5588e-10 - mae: 2.2942e-05 - val_loss: 6.0402e-10 - val_mae: 2.2063e-05 - lr: 6.5501e-06 - 91s/epoch - 3s/step
Epoch 35/50
29/29 - 93s - loss: 6.4765e-10 - mae: 2.2756e-05 - val_loss: 6.7713e-10 - val_mae: 2.3529e-05 - lr: 4.8688e-05 - 93s/epoch - 3s/step
Epoch 34/50
29/29 - 92s - loss: 6.4771e-10 - mae: 2.2767e-05 - val_loss: 6.7694e-10 - val_mae: 2.3387e-05 - lr: 4.1845e-04 - 92s/epoch - 3s/step
Epoch 31/50
29/29 - 90s - loss: 6.5356e-10 - mae: 2.2892e-05 - val_loss: 6.2880e-10 - val_mae: 2.2733e-05 - lr: 0.0084 - 90s/epoch - 3s/step
Epoch 10/50
29/29 - 90s - loss: 6.5794e-10 - mae: 2.3041e-05 - val_loss: 5.8892e-10 - val_mae: 2.1334e-05 - lr: 0.0021 - 90s/epoch - 3s/step
Epoch 25/50
29/29 - 92s - loss: 6.4741e-10 - mae: 2.2778e-05 - val_loss: 6.9056e-10 - val_mae: 2.3848e-05 - lr: 0.0084 - 92s/epoch - 3s/step
Epoch 10/50
29/29 - 91s - loss: 6.5854e-10 - mae: 2.3043e-05 - val_loss: 5.7920e-10 - val_mae: 2.0906e-05 - lr: 0.0047 - 91s/epoch - 3s/step
Epoch 19/50
29/29 - 92s - loss: 6.5740e-10 - mae: 2.3008e-05 - val_loss: 6.0649e-10 - val_mae: 2.2043e-05 - lr: 0.0084 - 92s/epoch - 3s/step
Epoch 10/50
29/29 - 92s - loss: 6.4853e-10 - mae: 2.2817e-05 - val_loss: 6.7340e-10 - val_mae: 2.2811e-05 - lr: 0.0021 - 92s/epoch - 3s/step
Epoch 25/50
29/29 - 92s - loss: 6.4832e-10 - mae: 2.2781e-05 - val_loss: 6.7216e-10 - val_mae: 2.3410e-05 - lr: 0.0077 - 92s/epoch - 3s/step
Epoch 12/50
29/29 - 64s - loss: 3.4711e-08 - mae: 1.2927e-04 - val_loss: 2.0464e-08 - val_mae: 1.0118e-04 - lr: 0.0100 - 64s/epoch - 2s/step
Epoch 2/50
29/29 - 93s - loss: 6.5383e-10 - mae: 2.2965e-05 - val_loss: 6.2195e-10 - val_mae: 2.1741e-05 - lr: 0.0011 - 93s/epoch - 3s/step
Epoch 28/50
29/29 - 92s - loss: 6.5012e-10 - mae: 2.2794e-05 - val_loss: 6.5476e-10 - val_mae: 2.3271e-05 - lr: 1.0000e-06 - 92s/epoch - 3s/step
Epoch 36/50
29/29 - 90s - loss: 6.4420e-10 - mae: 2.2717e-05 - val_loss: 7.0816e-10 - val_mae: 2.3861e-05 - lr: 0.0018 - 90s/epoch - 3s/step
Epoch 26/50
29/29 - 90s - loss: 6.5851e-10 - mae: 2.3035e-05 - val_loss: 5.8022e-10 - val_mae: 2.0990e-05 - lr: 0.0018 - 90s/epoch - 3s/step
Epoch 26/50
29/29 - 91s - loss: 6.5305e-10 - mae: 2.2880e-05 - val_loss: 6.2978e-10 - val_mae: 2.2429e-05 - lr: 0.0065 - 91s/epoch - 3s/step
Epoch 15/50
29/29 - 95s - loss: 6.5553e-10 - mae: 2.2919e-05 - val_loss: 6.0700e-10 - val_mae: 2.2197e-05 - lr: 0.0014 - 95s/epoch - 3s/step
Epoch 27/50
29/29 - 92s - loss: 6.5730e-10 - mae: 2.3003e-05 - val_loss: 5.9116e-10 - val_mae: 2.1334e-05 - lr: 8.5670e-04 - 92s/epoch - 3s/step
Epoch 29/50
29/29 - 92s - loss: 6.5819e-10 - mae: 2.2997e-05 - val_loss: 5.8214e-10 - val_mae: 2.1375e-05 - lr: 6.5501e-06 - 92s/epoch - 3s/step
Epoch 35/50
29/29 - 91s - loss: 6.5588e-10 - mae: 2.2942e-05 - val_loss: 6.0402e-10 - val_mae: 2.2063e-05 - lr: 1.0000e-06 - 91s/epoch - 3s/step
Epoch 36/50
29/29 - 92s - loss: 6.4765e-10 - mae: 2.2756e-05 - val_loss: 6.7713e-10 - val_mae: 2.3529e-05 - lr: 6.5501e-06 - 92s/epoch - 3s/step
Epoch 35/50
29/29 - 92s - loss: 6.4772e-10 - mae: 2.2767e-05 - val_loss: 6.7694e-10 - val_mae: 2.3387e-05 - lr: 2.5549e-04 - 92s/epoch - 3s/step
Epoch 32/50
29/29 - 90s - loss: 6.5368e-10 - mae: 2.2877e-05 - val_loss: 6.2642e-10 - val_mae: 2.2635e-05 - lr: 0.0081 - 90s/epoch - 3s/step
Epoch 11/50
29/29 - 90s - loss: 6.5795e-10 - mae: 2.3040e-05 - val_loss: 5.8786e-10 - val_mae: 2.1307e-05 - lr: 0.0018 - 90s/epoch - 3s/step
Epoch 26/50
29/29 - 51s - loss: 9.6750e-09 - mae: 6.5397e-05 - val_loss: 4.9319e-09 - val_mae: 4.9574e-05 - lr: 0.0099 - 51s/epoch - 2s/step
Epoch 3/50
29/29 - 92s - loss: 6.4724e-10 - mae: 2.2781e-05 - val_loss: 6.9080e-10 - val_mae: 2.3854e-05 - lr: 0.0081 - 92s/epoch - 3s/step
Epoch 11/50
29/29 - 91s - loss: 6.5859e-10 - mae: 2.3051e-05 - val_loss: 5.7863e-10 - val_mae: 2.0902e-05 - lr: 0.0042 - 91s/epoch - 3s/step
Epoch 20/50
29/29 - 92s - loss: 6.5744e-10 - mae: 2.3010e-05 - val_loss: 6.0858e-10 - val_mae: 2.2087e-05 - lr: 0.0081 - 92s/epoch - 3s/step
Epoch 11/50
29/29 - 92s - loss: 6.4853e-10 - mae: 2.2815e-05 - val_loss: 6.7350e-10 - val_mae: 2.2813e-05 - lr: 0.0018 - 92s/epoch - 3s/step
Epoch 26/50
29/29 - 92s - loss: 6.4882e-10 - mae: 2.2799e-05 - val_loss: 6.7259e-10 - val_mae: 2.3443e-05 - lr: 0.0073 - 92s/epoch - 3s/step
Epoch 13/50
29/29 - 92s - loss: 6.5378e-10 - mae: 2.2961e-05 - val_loss: 6.2173e-10 - val_mae: 2.1734e-05 - lr: 8.5670e-04 - 92s/epoch - 3s/step
Epoch 29/50
29/29 - 51s - loss: 2.7903e-09 - mae: 3.7626e-05 - val_loss: 1.8827e-09 - val_mae: 3.3786e-05 - lr: 0.0098 - 51s/epoch - 2s/step
Epoch 4/50
29/29 - 89s - loss: 6.5845e-10 - mae: 2.3034e-05 - val_loss: 5.8000e-10 - val_mae: 2.0991e-05 - lr: 0.0014 - 89s/epoch - 3s/step
Epoch 27/50
29/29 - 90s - loss: 6.4422e-10 - mae: 2.2715e-05 - val_loss: 7.0830e-10 - val_mae: 2.3857e-05 - lr: 0.0014 - 90s/epoch - 3s/step
Epoch 27/50
29/29 - 92s - loss: 6.5012e-10 - mae: 2.2794e-05 - val_loss: 6.5476e-10 - val_mae: 2.3271e-05 - lr: 1.0000e-06 - 92s/epoch - 3s/step
Epoch 37/50
29/29 - 91s - loss: 6.5317e-10 - mae: 2.2871e-05 - val_loss: 6.2992e-10 - val_mae: 2.2417e-05 - lr: 0.0060 - 91s/epoch - 3s/step
Epoch 16/50
29/29 - 96s - loss: 6.5549e-10 - mae: 2.2918e-05 - val_loss: 6.0714e-10 - val_mae: 2.2202e-05 - lr: 0.0011 - 96s/epoch - 3s/step
Epoch 28/50
29/29 - 92s - loss: 6.5725e-10 - mae: 2.3003e-05 - val_loss: 5.9095e-10 - val_mae: 2.1329e-05 - lr: 6.1940e-04 - 92s/epoch - 3s/step
Epoch 30/50
29/29 - 92s - loss: 6.5819e-10 - mae: 2.2997e-05 - val_loss: 5.8214e-10 - val_mae: 2.1375e-05 - lr: 1.0000e-06 - 92s/epoch - 3s/step
Epoch 36/50
29/29 - 91s - loss: 6.5588e-10 - mae: 2.2942e-05 - val_loss: 6.0402e-10 - val_mae: 2.2063e-05 - lr: 1.0000e-06 - 91s/epoch - 3s/step
Epoch 37/50
29/29 - 91s - loss: 6.4765e-10 - mae: 2.2756e-05 - val_loss: 6.7713e-10 - val_mae: 2.3529e-05 - lr: 1.0000e-06 - 91s/epoch - 3s/step
Epoch 36/50
29/29 - 92s - loss: 6.4771e-10 - mae: 2.2767e-05 - val_loss: 6.7694e-10 - val_mae: 2.3387e-05 - lr: 1.3190e-04 - 92s/epoch - 3s/step
Epoch 33/50
29/29 - 90s - loss: 6.5337e-10 - mae: 2.2863e-05 - val_loss: 6.2636e-10 - val_mae: 2.2632e-05 - lr: 0.0077 - 90s/epoch - 3s/step
Epoch 12/50
29/29 - 91s - loss: 6.5795e-10 - mae: 2.3040e-05 - val_loss: 5.8807e-10 - val_mae: 2.1313e-05 - lr: 0.0014 - 91s/epoch - 3s/step
Epoch 27/50
29/29 - 91s - loss: 6.4679e-10 - mae: 2.2766e-05 - val_loss: 6.8841e-10 - val_mae: 2.3786e-05 - lr: 0.0077 - 91s/epoch - 3s/step
Epoch 12/50
29/29 - 91s - loss: 6.5866e-10 - mae: 2.3052e-05 - val_loss: 5.7895e-10 - val_mae: 2.0905e-05 - lr: 0.0038 - 91s/epoch - 3s/step
Epoch 21/50
29/29 - 91s - loss: 6.5733e-10 - mae: 2.3005e-05 - val_loss: 6.0236e-10 - val_mae: 2.1956e-05 - lr: 0.0077 - 91s/epoch - 3s/step
Epoch 12/50
29/29 - 51s - loss: 1.2278e-09 - mae: 2.8379e-05 - val_loss: 9.6105e-10 - val_mae: 2.6256e-05 - lr: 0.0097 - 51s/epoch - 2s/step
Epoch 5/50
29/29 - 92s - loss: 6.4854e-10 - mae: 2.2821e-05 - val_loss: 6.7220e-10 - val_mae: 2.2801e-05 - lr: 0.0014 - 92s/epoch - 3s/step
Epoch 27/50
29/29 - 92s - loss: 6.4866e-10 - mae: 2.2799e-05 - val_loss: 6.7245e-10 - val_mae: 2.3432e-05 - lr: 0.0069 - 92s/epoch - 3s/step
Epoch 14/50
29/29 - 93s - loss: 6.5382e-10 - mae: 2.2963e-05 - val_loss: 6.2192e-10 - val_mae: 2.1739e-05 - lr: 6.1940e-04 - 93s/epoch - 3s/step
Epoch 30/50
29/29 - 51s - loss: 7.8856e-10 - mae: 2.4627e-05 - val_loss: 7.0418e-10 - val_mae: 2.3201e-05 - lr: 0.0095 - 51s/epoch - 2s/step
Epoch 6/50
29/29 - 89s - loss: 6.5848e-10 - mae: 2.3036e-05 - val_loss: 5.8000e-10 - val_mae: 2.0991e-05 - lr: 0.0011 - 89s/epoch - 3s/step
Epoch 28/50
29/29 - 90s - loss: 6.4435e-10 - mae: 2.2719e-05 - val_loss: 7.0827e-10 - val_mae: 2.3858e-05 - lr: 0.0011 - 90s/epoch - 3s/step
Epoch 28/50
29/29 - 92s - loss: 6.5012e-10 - mae: 2.2794e-05 - val_loss: 6.5476e-10 - val_mae: 2.3271e-05 - lr: 1.0000e-06 - 92s/epoch - 3s/step
Epoch 38/50
29/29 - 91s - loss: 6.5340e-10 - mae: 2.2884e-05 - val_loss: 6.2964e-10 - val_mae: 2.2443e-05 - lr: 0.0056 - 91s/epoch - 3s/step
Epoch 17/50
29/29 - 91s - loss: 6.5588e-10 - mae: 2.2942e-05 - val_loss: 6.0402e-10 - val_mae: 2.2063e-05 - lr: 1.0000e-06 - 91s/epoch - 3s/step
Epoch 38/50
29/29 - 92s - loss: 6.5728e-10 - mae: 2.3004e-05 - val_loss: 5.9115e-10 - val_mae: 2.1334e-05 - lr: 4.1845e-04 - 92s/epoch - 3s/step
Epoch 31/50
29/29 - 92s - loss: 6.5819e-10 - mae: 2.2997e-05 - val_loss: 5.8214e-10 - val_mae: 2.1375e-05 - lr: 1.0000e-06 - 92s/epoch - 3s/step
Epoch 37/50
29/29 - 95s - loss: 6.5544e-10 - mae: 2.2917e-05 - val_loss: 6.0712e-10 - val_mae: 2.2201e-05 - lr: 8.5670e-04 - 95s/epoch - 3s/step
Epoch 29/50
29/29 - 90s - loss: 6.5369e-10 - mae: 2.2858e-05 - val_loss: 6.2565e-10 - val_mae: 2.2596e-05 - lr: 0.0073 - 90s/epoch - 3s/step
Epoch 13/50
29/29 - 92s - loss: 6.4765e-10 - mae: 2.2756e-05 - val_loss: 6.7713e-10 - val_mae: 2.3529e-05 - lr: 1.0000e-06 - 92s/epoch - 3s/step
Epoch 37/50
29/29 - 92s - loss: 6.4771e-10 - mae: 2.2767e-05 - val_loss: 6.7694e-10 - val_mae: 2.3387e-05 - lr: 4.8688e-05 - 92s/epoch - 3s/step
Epoch 34/50
29/29 - 90s - loss: 6.5793e-10 - mae: 2.3039e-05 - val_loss: 5.8722e-10 - val_mae: 2.1291e-05 - lr: 0.0011 - 90s/epoch - 3s/step
Epoch 28/50
29/29 - 91s - loss: 6.4670e-10 - mae: 2.2753e-05 - val_loss: 6.8713e-10 - val_mae: 2.3747e-05 - lr: 0.0073 - 91s/epoch - 3s/step
Epoch 13/50
29/29 - 91s - loss: 6.5848e-10 - mae: 2.3041e-05 - val_loss: 5.8029e-10 - val_mae: 2.0917e-05 - lr: 0.0033 - 91s/epoch - 3s/step
Epoch 22/50
29/29 - 92s - loss: 6.5751e-10 - mae: 2.2998e-05 - val_loss: 5.9828e-10 - val_mae: 2.1866e-05 - lr: 0.0073 - 92s/epoch - 3s/step
Epoch 13/50
29/29 - 92s - loss: 6.4848e-10 - mae: 2.2823e-05 - val_loss: 6.7193e-10 - val_mae: 2.2798e-05 - lr: 0.0011 - 92s/epoch - 3s/step
Epoch 28/50
29/29 - 51s - loss: 6.8363e-10 - mae: 2.3447e-05 - val_loss: 6.4278e-10 - val_mae: 2.2504e-05 - lr: 0.0093 - 51s/epoch - 2s/step
Epoch 7/50
29/29 - 92s - loss: 6.4866e-10 - mae: 2.2775e-05 - val_loss: 6.7163e-10 - val_mae: 2.3347e-05 - lr: 0.0065 - 92s/epoch - 3s/step
Epoch 15/50
29/29 - 93s - loss: 6.5381e-10 - mae: 2.2964e-05 - val_loss: 6.2195e-10 - val_mae: 2.1741e-05 - lr: 4.1845e-04 - 93s/epoch - 3s/step
Epoch 31/50
29/29 - 89s - loss: 6.5847e-10 - mae: 2.3037e-05 - val_loss: 5.7992e-10 - val_mae: 2.0991e-05 - lr: 8.5670e-04 - 89s/epoch - 3s/step
Epoch 29/50
29/29 - 90s - loss: 6.4426e-10 - mae: 2.2716e-05 - val_loss: 7.0827e-10 - val_mae: 2.3858e-05 - lr: 8.5670e-04 - 90s/epoch - 3s/step
Epoch 29/50
29/29 - 91s - loss: 6.5303e-10 - mae: 2.2884e-05 - val_loss: 6.2960e-10 - val_mae: 2.2459e-05 - lr: 0.0051 - 91s/epoch - 3s/step
Epoch 18/50
29/29 - 92s - loss: 6.5012e-10 - mae: 2.2794e-05 - val_loss: 6.5476e-10 - val_mae: 2.3271e-05 - lr: 1.0000e-06 - 92s/epoch - 3s/step
Epoch 39/50
29/29 - 51s - loss: 6.6052e-10 - mae: 2.3098e-05 - val_loss: 6.2736e-10 - val_mae: 2.2317e-05 - lr: 0.0090 - 51s/epoch - 2s/step
Epoch 8/50
29/29 - 91s - loss: 6.5588e-10 - mae: 2.2942e-05 - val_loss: 6.0402e-10 - val_mae: 2.2063e-05 - lr: 1.0000e-06 - 91s/epoch - 3s/step
Epoch 39/50
29/29 - 92s - loss: 6.5819e-10 - mae: 2.2997e-05 - val_loss: 5.8214e-10 - val_mae: 2.1375e-05 - lr: 1.0000e-06 - 92s/epoch - 3s/step
Epoch 38/50
29/29 - 92s - loss: 6.5720e-10 - mae: 2.3000e-05 - val_loss: 5.9115e-10 - val_mae: 2.1334e-05 - lr: 2.5549e-04 - 92s/epoch - 3s/step
Epoch 32/50
29/29 - 90s - loss: 6.5346e-10 - mae: 2.2867e-05 - val_loss: 6.2744e-10 - val_mae: 2.2680e-05 - lr: 0.0069 - 90s/epoch - 3s/step
Epoch 14/50
29/29 - 92s - loss: 6.4771e-10 - mae: 2.2767e-05 - val_loss: 6.7694e-10 - val_mae: 2.3387e-05 - lr: 6.5501e-06 - 92s/epoch - 3s/step
Epoch 35/50
29/29 - 94s - loss: 6.5545e-10 - mae: 2.2917e-05 - val_loss: 6.0712e-10 - val_mae: 2.2201e-05 - lr: 6.1940e-04 - 94s/epoch - 3s/step
Epoch 30/50
29/29 - 95s - loss: 6.4765e-10 - mae: 2.2756e-05 - val_loss: 6.7713e-10 - val_mae: 2.3529e-05 - lr: 1.0000e-06 - 95s/epoch - 3s/step
Epoch 38/50
29/29 - 90s - loss: 6.5792e-10 - mae: 2.3037e-05 - val_loss: 5.8728e-10 - val_mae: 2.1293e-05 - lr: 8.5670e-04 - 90s/epoch - 3s/step
Epoch 29/50
29/29 - 92s - loss: 6.4675e-10 - mae: 2.2757e-05 - val_loss: 6.8879e-10 - val_mae: 2.3796e-05 - lr: 0.0069 - 92s/epoch - 3s/step
Epoch 14/50
29/29 - 91s - loss: 6.5857e-10 - mae: 2.3036e-05 - val_loss: 5.8056e-10 - val_mae: 2.0919e-05 - lr: 0.0029 - 91s/epoch - 3s/step
Epoch 23/50
29/29 - 92s - loss: 6.5721e-10 - mae: 2.2985e-05 - val_loss: 5.9383e-10 - val_mae: 2.1764e-05 - lr: 0.0069 - 92s/epoch - 3s/step
Epoch 14/50
29/29 - 92s - loss: 6.4868e-10 - mae: 2.2821e-05 - val_loss: 6.7344e-10 - val_mae: 2.2812e-05 - lr: 8.5670e-04 - 92s/epoch - 3s/step
Epoch 29/50
29/29 - 93s - loss: 6.4863e-10 - mae: 2.2765e-05 - val_loss: 6.7165e-10 - val_mae: 2.3351e-05 - lr: 0.0060 - 93s/epoch - 3s/step
Epoch 16/50
29/29 - 51s - loss: 6.5535e-10 - mae: 2.2984e-05 - val_loss: 6.2314e-10 - val_mae: 2.2262e-05 - lr: 0.0087 - 51s/epoch - 2s/step
Epoch 9/50
29/29 - 93s - loss: 6.5377e-10 - mae: 2.2962e-05 - val_loss: 6.2189e-10 - val_mae: 2.1738e-05 - lr: 2.5549e-04 - 93s/epoch - 3s/step
Epoch 32/50
29/29 - 89s - loss: 6.5846e-10 - mae: 2.3037e-05 - val_loss: 5.7994e-10 - val_mae: 2.0991e-05 - lr: 6.1940e-04 - 89s/epoch - 3s/step
Epoch 30/50
29/29 - 90s - loss: 6.4425e-10 - mae: 2.2717e-05 - val_loss: 7.0812e-10 - val_mae: 2.3861e-05 - lr: 6.1940e-04 - 90s/epoch - 3s/step
Epoch 30/50
29/29 - 91s - loss: 6.5304e-10 - mae: 2.2893e-05 - val_loss: 6.2957e-10 - val_mae: 2.2468e-05 - lr: 0.0047 - 91s/epoch - 3s/step
Epoch 19/50
29/29 - 91s - loss: 6.5588e-10 - mae: 2.2942e-05 - val_loss: 6.0402e-10 - val_mae: 2.2063e-05 - lr: 1.0000e-06 - 91s/epoch - 3s/step
Epoch 40/50
29/29 - 90s - loss: 6.5340e-10 - mae: 2.2871e-05 - val_loss: 6.2714e-10 - val_mae: 2.2667e-05 - lr: 0.0065 - 90s/epoch - 3s/step
Epoch 15/50
29/29 - 92s - loss: 6.5819e-10 - mae: 2.2997e-05 - val_loss: 5.8214e-10 - val_mae: 2.1375e-05 - lr: 1.0000e-06 - 92s/epoch - 3s/step
Epoch 39/50
29/29 - 92s - loss: 6.5719e-10 - mae: 2.2999e-05 - val_loss: 5.9117e-10 - val_mae: 2.1335e-05 - lr: 1.3190e-04 - 92s/epoch - 3s/step
Epoch 33/50
29/29 - 51s - loss: 6.5442e-10 - mae: 2.2933e-05 - val_loss: 6.2007e-10 - val_mae: 2.2204e-05 - lr: 0.0084 - 51s/epoch - 2s/step
Epoch 10/50
29/29 - 92s - loss: 6.4771e-10 - mae: 2.2767e-05 - val_loss: 6.7694e-10 - val_mae: 2.3387e-05 - lr: 1.0000e-06 - 92s/epoch - 3s/step
Epoch 36/50
29/29 - 90s - loss: 6.5796e-10 - mae: 2.3039e-05 - val_loss: 5.8743e-10 - val_mae: 2.1296e-05 - lr: 6.1940e-04 - 90s/epoch - 3s/step
Epoch 30/50
29/29 - 94s - loss: 6.5546e-10 - mae: 2.2917e-05 - val_loss: 6.0707e-10 - val_mae: 2.2199e-05 - lr: 4.1845e-04 - 94s/epoch - 3s/step
Epoch 31/50
29/29 - 93s - loss: 6.4765e-10 - mae: 2.2756e-05 - val_loss: 6.7713e-10 - val_mae: 2.3529e-05 - lr: 1.0000e-06 - 93s/epoch - 3s/step
Epoch 39/50
29/29 - 91s - loss: 6.4680e-10 - mae: 2.2753e-05 - val_loss: 6.8616e-10 - val_mae: 2.3716e-05 - lr: 0.0065 - 91s/epoch - 3s/step
Epoch 15/50
29/29 - 91s - loss: 6.5854e-10 - mae: 2.3038e-05 - val_loss: 5.8008e-10 - val_mae: 2.0915e-05 - lr: 0.0025 - 91s/epoch - 3s/step
Epoch 24/50
29/29 - 92s - loss: 6.5732e-10 - mae: 2.2986e-05 - val_loss: 5.9535e-10 - val_mae: 2.1799e-05 - lr: 0.0065 - 92s/epoch - 3s/step
Epoch 15/50
29/29 - 92s - loss: 6.4853e-10 - mae: 2.2820e-05 - val_loss: 6.7236e-10 - val_mae: 2.2802e-05 - lr: 6.1940e-04 - 92s/epoch - 3s/step
Epoch 30/50
29/29 - 92s - loss: 6.4832e-10 - mae: 2.2767e-05 - val_loss: 6.7195e-10 - val_mae: 2.3390e-05 - lr: 0.0056 - 92s/epoch - 3s/step
Epoch 17/50
29/29 - 51s - loss: 6.5405e-10 - mae: 2.2919e-05 - val_loss: 6.1955e-10 - val_mae: 2.2190e-05 - lr: 0.0081 - 51s/epoch - 2s/step
Epoch 11/50
29/29 - 93s - loss: 6.5378e-10 - mae: 2.2963e-05 - val_loss: 6.2194e-10 - val_mae: 2.1740e-05 - lr: 1.3190e-04 - 93s/epoch - 3s/step
Epoch 33/50
29/29 - 89s - loss: 6.5846e-10 - mae: 2.3037e-05 - val_loss: 5.7993e-10 - val_mae: 2.0991e-05 - lr: 4.1845e-04 - 89s/epoch - 3s/step
Epoch 31/50
29/29 - 90s - loss: 6.4422e-10 - mae: 2.2717e-05 - val_loss: 7.0812e-10 - val_mae: 2.3861e-05 - lr: 4.1845e-04 - 90s/epoch - 3s/step
Epoch 31/50
29/29 - 91s - loss: 6.5315e-10 - mae: 2.2899e-05 - val_loss: 6.2964e-10 - val_mae: 2.2481e-05 - lr: 0.0042 - 91s/epoch - 3s/step
Epoch 20/50
29/29 - 90s - loss: 6.5337e-10 - mae: 2.2876e-05 - val_loss: 6.2763e-10 - val_mae: 2.2688e-05 - lr: 0.0060 - 90s/epoch - 3s/step
Epoch 16/50
29/29 - 92s - loss: 6.5720e-10 - mae: 2.2999e-05 - val_loss: 5.9119e-10 - val_mae: 2.1335e-05 - lr: 4.8688e-05 - 92s/epoch - 3s/step
Epoch 34/50
29/29 - 92s - loss: 6.4771e-10 - mae: 2.2767e-05 - val_loss: 6.7694e-10 - val_mae: 2.3387e-05 - lr: 1.0000e-06 - 92s/epoch - 3s/step
Epoch 37/50
29/29 - 91s - loss: 6.5791e-10 - mae: 2.3037e-05 - val_loss: 5.8699e-10 - val_mae: 2.1286e-05 - lr: 4.1845e-04 - 91s/epoch - 3s/step
Epoch 31/50
29/29 - 94s - loss: 6.5545e-10 - mae: 2.2917e-05 - val_loss: 6.0710e-10 - val_mae: 2.2200e-05 - lr: 2.5549e-04 - 94s/epoch - 3s/step
Epoch 32/50
29/29 - 51s - loss: 6.5420e-10 - mae: 2.2907e-05 - val_loss: 6.1898e-10 - val_mae: 2.2173e-05 - lr: 0.0077 - 51s/epoch - 2s/step
Epoch 12/50
29/29 - 91s - loss: 6.4689e-10 - mae: 2.2759e-05 - val_loss: 6.8827e-10 - val_mae: 2.3781e-05 - lr: 0.0060 - 91s/epoch - 3s/step
Epoch 16/50
29/29 - 91s - loss: 6.5855e-10 - mae: 2.3039e-05 - val_loss: 5.7993e-10 - val_mae: 2.0913e-05 - lr: 0.0021 - 91s/epoch - 3s/step
Epoch 25/50
29/29 - 92s - loss: 6.5743e-10 - mae: 2.2984e-05 - val_loss: 5.9282e-10 - val_mae: 2.1741e-05 - lr: 0.0060 - 92s/epoch - 3s/step
Epoch 16/50
29/29 - 92s - loss: 6.4848e-10 - mae: 2.2819e-05 - val_loss: 6.7270e-10 - val_mae: 2.2805e-05 - lr: 4.1845e-04 - 92s/epoch - 3s/step
Epoch 31/50
29/29 - 92s - loss: 6.4832e-10 - mae: 2.2787e-05 - val_loss: 6.7250e-10 - val_mae: 2.3436e-05 - lr: 0.0051 - 92s/epoch - 3s/step
Epoch 18/50
29/29 - 51s - loss: 6.5445e-10 - mae: 2.2920e-05 - val_loss: 6.1933e-10 - val_mae: 2.2183e-05 - lr: 0.0073 - 51s/epoch - 2s/step
Epoch 13/50
29/29 - 89s - loss: 6.5845e-10 - mae: 2.3036e-05 - val_loss: 5.8000e-10 - val_mae: 2.0991e-05 - lr: 2.5549e-04 - 89s/epoch - 3s/step
Epoch 32/50
29/29 - 93s - loss: 6.5377e-10 - mae: 2.2963e-05 - val_loss: 6.2195e-10 - val_mae: 2.1741e-05 - lr: 4.8688e-05 - 93s/epoch - 3s/step
Epoch 34/50
29/29 - 90s - loss: 6.4422e-10 - mae: 2.2717e-05 - val_loss: 7.0812e-10 - val_mae: 2.3861e-05 - lr: 2.5549e-04 - 90s/epoch - 3s/step
Epoch 32/50
29/29 - 91s - loss: 6.5311e-10 - mae: 2.2898e-05 - val_loss: 6.2963e-10 - val_mae: 2.2467e-05 - lr: 0.0038 - 91s/epoch - 3s/step
Epoch 21/50
29/29 - 91s - loss: 6.5326e-10 - mae: 2.2868e-05 - val_loss: 6.2645e-10 - val_mae: 2.2636e-05 - lr: 0.0056 - 91s/epoch - 3s/step
Epoch 17/50
29/29 - 90s - loss: 6.5788e-10 - mae: 2.3035e-05 - val_loss: 5.8646e-10 - val_mae: 2.1273e-05 - lr: 2.5549e-04 - 90s/epoch - 3s/step
Epoch 32/50
29/29 - 94s - loss: 6.5720e-10 - mae: 2.2999e-05 - val_loss: 5.9119e-10 - val_mae: 2.1335e-05 - lr: 6.5501e-06 - 94s/epoch - 3s/step
Epoch 35/50
29/29 - 92s - loss: 6.4771e-10 - mae: 2.2767e-05 - val_loss: 6.7694e-10 - val_mae: 2.3387e-05 - lr: 1.0000e-06 - 92s/epoch - 3s/step
Epoch 38/50
29/29 - 94s - loss: 6.5544e-10 - mae: 2.2917e-05 - val_loss: 6.0715e-10 - val_mae: 2.2202e-05 - lr: 1.3190e-04 - 94s/epoch - 3s/step
Epoch 33/50
29/29 - 91s - loss: 6.5854e-10 - mae: 2.3040e-05 - val_loss: 5.8008e-10 - val_mae: 2.0915e-05 - lr: 0.0018 - 91s/epoch - 3s/step
Epoch 26/50
29/29 - 92s - loss: 6.4687e-10 - mae: 2.2749e-05 - val_loss: 6.8554e-10 - val_mae: 2.3695e-05 - lr: 0.0056 - 92s/epoch - 3s/step
Epoch 17/50
29/29 - 51s - loss: 6.5425e-10 - mae: 2.2922e-05 - val_loss: 6.1999e-10 - val_mae: 2.2202e-05 - lr: 0.0069 - 51s/epoch - 2s/step
Epoch 14/50
29/29 - 92s - loss: 6.5746e-10 - mae: 2.2998e-05 - val_loss: 5.9992e-10 - val_mae: 2.1903e-05 - lr: 0.0056 - 92s/epoch - 3s/step
Epoch 17/50
29/29 - 92s - loss: 6.4848e-10 - mae: 2.2818e-05 - val_loss: 6.7289e-10 - val_mae: 2.2807e-05 - lr: 2.5549e-04 - 92s/epoch - 3s/step
Epoch 32/50
29/29 - 92s - loss: 6.4828e-10 - mae: 2.2788e-05 - val_loss: 6.7234e-10 - val_mae: 2.3425e-05 - lr: 0.0047 - 92s/epoch - 3s/step
Epoch 19/50
29/29 - 89s - loss: 6.5845e-10 - mae: 2.3036e-05 - val_loss: 5.8000e-10 - val_mae: 2.0991e-05 - lr: 1.3190e-04 - 89s/epoch - 3s/step
Epoch 33/50
29/29 - 93s - loss: 6.5377e-10 - mae: 2.2963e-05 - val_loss: 6.2195e-10 - val_mae: 2.1741e-05 - lr: 6.5501e-06 - 93s/epoch - 3s/step
Epoch 35/50
29/29 - 90s - loss: 6.4421e-10 - mae: 2.2717e-05 - val_loss: 7.0811e-10 - val_mae: 2.3861e-05 - lr: 1.3190e-04 - 90s/epoch - 3s/step
Epoch 33/50
29/29 - 51s - loss: 6.5402e-10 - mae: 2.2909e-05 - val_loss: 6.1920e-10 - val_mae: 2.2179e-05 - lr: 0.0065 - 51s/epoch - 2s/step
Epoch 15/50
29/29 - 90s - loss: 6.5307e-10 - mae: 2.2892e-05 - val_loss: 6.2963e-10 - val_mae: 2.2461e-05 - lr: 0.0033 - 90s/epoch - 3s/step
Epoch 22/50
29/29 - 91s - loss: 6.5342e-10 - mae: 2.2863e-05 - val_loss: 6.2631e-10 - val_mae: 2.2629e-05 - lr: 0.0051 - 91s/epoch - 3s/step
Epoch 18/50
29/29 - 91s - loss: 6.5789e-10 - mae: 2.3035e-05 - val_loss: 5.8698e-10 - val_mae: 2.1285e-05 - lr: 1.3190e-04 - 91s/epoch - 3s/step
Epoch 33/50
29/29 - 92s - loss: 6.4771e-10 - mae: 2.2767e-05 - val_loss: 6.7694e-10 - val_mae: 2.3387e-05 - lr: 1.0000e-06 - 92s/epoch - 3s/step
Epoch 39/50
29/29 - 97s - loss: 6.5720e-10 - mae: 2.2999e-05 - val_loss: 5.9119e-10 - val_mae: 2.1335e-05 - lr: 1.0000e-06 - 97s/epoch - 3s/step
Epoch 36/50
29/29 - 91s - loss: 6.5852e-10 - mae: 2.3038e-05 - val_loss: 5.8018e-10 - val_mae: 2.0915e-05 - lr: 0.0014 - 91s/epoch - 3s/step
Epoch 27/50
29/29 - 95s - loss: 6.5544e-10 - mae: 2.2917e-05 - val_loss: 6.0712e-10 - val_mae: 2.2201e-05 - lr: 4.8688e-05 - 95s/epoch - 3s/step
Epoch 34/50
29/29 - 92s - loss: 6.4685e-10 - mae: 2.2740e-05 - val_loss: 6.8554e-10 - val_mae: 2.3695e-05 - lr: 0.0051 - 92s/epoch - 3s/step
Epoch 18/50
29/29 - 92s - loss: 6.5712e-10 - mae: 2.2992e-05 - val_loss: 5.9934e-10 - val_mae: 2.1890e-05 - lr: 0.0051 - 92s/epoch - 3s/step
Epoch 18/50
29/29 - 50s - loss: 6.5433e-10 - mae: 2.2910e-05 - val_loss: 6.1929e-10 - val_mae: 2.2182e-05 - lr: 0.0060 - 50s/epoch - 2s/step
Epoch 16/50
29/29 - 92s - loss: 6.4848e-10 - mae: 2.2818e-05 - val_loss: 6.7270e-10 - val_mae: 2.2805e-05 - lr: 1.3190e-04 - 92s/epoch - 3s/step
Epoch 33/50
29/29 - 92s - loss: 6.4828e-10 - mae: 2.2777e-05 - val_loss: 6.7188e-10 - val_mae: 2.3382e-05 - lr: 0.0042 - 92s/epoch - 3s/step
Epoch 20/50
29/29 - 89s - loss: 6.5846e-10 - mae: 2.3036e-05 - val_loss: 5.7998e-10 - val_mae: 2.0991e-05 - lr: 4.8688e-05 - 89s/epoch - 3s/step
Epoch 34/50
29/29 - 90s - loss: 6.4421e-10 - mae: 2.2717e-05 - val_loss: 7.0811e-10 - val_mae: 2.3861e-05 - lr: 4.8688e-05 - 90s/epoch - 3s/step
Epoch 34/50
29/29 - 93s - loss: 6.5377e-10 - mae: 2.2963e-05 - val_loss: 6.2195e-10 - val_mae: 2.1741e-05 - lr: 1.0000e-06 - 93s/epoch - 3s/step
Epoch 36/50
29/29 - 90s - loss: 6.5298e-10 - mae: 2.2886e-05 - val_loss: 6.2964e-10 - val_mae: 2.2448e-05 - lr: 0.0029 - 90s/epoch - 3s/step
Epoch 23/50
29/29 - 51s - loss: 6.5444e-10 - mae: 2.2905e-05 - val_loss: 6.1878e-10 - val_mae: 2.2168e-05 - lr: 0.0056 - 51s/epoch - 2s/step
Epoch 17/50
29/29 - 91s - loss: 6.5330e-10 - mae: 2.2867e-05 - val_loss: 6.2717e-10 - val_mae: 2.2669e-05 - lr: 0.0047 - 91s/epoch - 3s/step
Epoch 19/50
29/29 - 91s - loss: 6.5789e-10 - mae: 2.3035e-05 - val_loss: 5.8697e-10 - val_mae: 2.1285e-05 - lr: 4.8688e-05 - 91s/epoch - 3s/step
Epoch 34/50
29/29 - 92s - loss: 6.4771e-10 - mae: 2.2767e-05 - val_loss: 6.7694e-10 - val_mae: 2.3387e-05 - lr: 1.0000e-06 - 92s/epoch - 3s/step
Epoch 40/50
29/29 - 91s - loss: 6.5853e-10 - mae: 2.3037e-05 - val_loss: 5.8044e-10 - val_mae: 2.0918e-05 - lr: 0.0011 - 91s/epoch - 3s/step
Epoch 28/50
29/29 - 96s - loss: 6.5719e-10 - mae: 2.2999e-05 - val_loss: 5.9119e-10 - val_mae: 2.1335e-05 - lr: 1.0000e-06 - 96s/epoch - 3s/step
Epoch 37/50
29/29 - 92s - loss: 6.4694e-10 - mae: 2.2755e-05 - val_loss: 6.8727e-10 - val_mae: 2.3751e-05 - lr: 0.0047 - 92s/epoch - 3s/step
Epoch 19/50
29/29 - 97s - loss: 6.5544e-10 - mae: 2.2917e-05 - val_loss: 6.0712e-10 - val_mae: 2.2201e-05 - lr: 6.5501e-06 - 97s/epoch - 3s/step
Epoch 35/50
29/29 - 93s - loss: 6.5742e-10 - mae: 2.3005e-05 - val_loss: 6.0419e-10 - val_mae: 2.1995e-05 - lr: 0.0047 - 93s/epoch - 3s/step
Epoch 19/50
29/29 - 92s - loss: 6.4847e-10 - mae: 2.2818e-05 - val_loss: 6.7270e-10 - val_mae: 2.2805e-05 - lr: 4.8688e-05 - 92s/epoch - 3s/step
Epoch 34/50
29/29 - 50s - loss: 6.5414e-10 - mae: 2.2915e-05 - val_loss: 6.2002e-10 - val_mae: 2.2203e-05 - lr: 0.0051 - 50s/epoch - 2s/step
Epoch 18/50
29/29 - 92s - loss: 6.4830e-10 - mae: 2.2775e-05 - val_loss: 6.7208e-10 - val_mae: 2.3403e-05 - lr: 0.0038 - 92s/epoch - 3s/step
Epoch 21/50
29/29 - 89s - loss: 6.5845e-10 - mae: 2.3036e-05 - val_loss: 5.8000e-10 - val_mae: 2.0991e-05 - lr: 6.5501e-06 - 89s/epoch - 3s/step
Epoch 35/50
29/29 - 90s - loss: 6.4421e-10 - mae: 2.2717e-05 - val_loss: 7.0811e-10 - val_mae: 2.3861e-05 - lr: 6.5501e-06 - 90s/epoch - 3s/step
Epoch 35/50
29/29 - 93s - loss: 6.5377e-10 - mae: 2.2963e-05 - val_loss: 6.2195e-10 - val_mae: 2.1741e-05 - lr: 1.0000e-06 - 93s/epoch - 3s/step
Epoch 37/50
29/29 - 91s - loss: 6.5298e-10 - mae: 2.2879e-05 - val_loss: 6.2967e-10 - val_mae: 2.2437e-05 - lr: 0.0025 - 91s/epoch - 3s/step
Epoch 24/50
29/29 - 91s - loss: 6.5360e-10 - mae: 2.2869e-05 - val_loss: 6.2639e-10 - val_mae: 2.2633e-05 - lr: 0.0042 - 91s/epoch - 3s/step
Epoch 20/50
29/29 - 91s - loss: 6.5789e-10 - mae: 2.3035e-05 - val_loss: 5.8696e-10 - val_mae: 2.1285e-05 - lr: 6.5501e-06 - 91s/epoch - 3s/step
Epoch 35/50
29/29 - 51s - loss: 6.5431e-10 - mae: 2.2917e-05 - val_loss: 6.1952e-10 - val_mae: 2.2189e-05 - lr: 0.0047 - 51s/epoch - 2s/step
Epoch 19/50
29/29 - 91s - loss: 6.5856e-10 - mae: 2.3035e-05 - val_loss: 5.8066e-10 - val_mae: 2.0921e-05 - lr: 8.5670e-04 - 91s/epoch - 3s/step
Epoch 29/50
29/29 - 92s - loss: 6.4699e-10 - mae: 2.2744e-05 - val_loss: 6.8497e-10 - val_mae: 2.3676e-05 - lr: 0.0042 - 92s/epoch - 3s/step
Epoch 20/50
29/29 - 95s - loss: 6.5720e-10 - mae: 2.2999e-05 - val_loss: 5.9119e-10 - val_mae: 2.1335e-05 - lr: 1.0000e-06 - 95s/epoch - 3s/step
Epoch 38/50
29/29 - 95s - loss: 6.5544e-10 - mae: 2.2917e-05 - val_loss: 6.0712e-10 - val_mae: 2.2201e-05 - lr: 1.0000e-06 - 95s/epoch - 3s/step
Epoch 36/50
29/29 - 92s - loss: 6.5709e-10 - mae: 2.2993e-05 - val_loss: 5.9999e-10 - val_mae: 2.1904e-05 - lr: 0.0042 - 92s/epoch - 3s/step
Epoch 20/50
29/29 - 92s - loss: 6.4847e-10 - mae: 2.2818e-05 - val_loss: 6.7270e-10 - val_mae: 2.2805e-05 - lr: 6.5501e-06 - 92s/epoch - 3s/step
Epoch 35/50
29/29 - 92s - loss: 6.4822e-10 - mae: 2.2779e-05 - val_loss: 6.7214e-10 - val_mae: 2.3408e-05 - lr: 0.0033 - 92s/epoch - 3s/step
Epoch 22/50
29/29 - 50s - loss: 6.5413e-10 - mae: 2.2913e-05 - val_loss: 6.1966e-10 - val_mae: 2.2193e-05 - lr: 0.0042 - 50s/epoch - 2s/step
Epoch 20/50
29/29 - 89s - loss: 6.5845e-10 - mae: 2.3036e-05 - val_loss: 5.8000e-10 - val_mae: 2.0991e-05 - lr: 1.0000e-06 - 89s/epoch - 3s/step
Epoch 36/50
29/29 - 90s - loss: 6.4421e-10 - mae: 2.2717e-05 - val_loss: 7.0811e-10 - val_mae: 2.3861e-05 - lr: 1.0000e-06 - 90s/epoch - 3s/step
Epoch 36/50
29/29 - 91s - loss: 6.5298e-10 - mae: 2.2883e-05 - val_loss: 6.2953e-10 - val_mae: 2.2452e-05 - lr: 0.0021 - 91s/epoch - 3s/step
Epoch 25/50
29/29 - 93s - loss: 6.5377e-10 - mae: 2.2963e-05 - val_loss: 6.2195e-10 - val_mae: 2.1741e-05 - lr: 1.0000e-06 - 93s/epoch - 3s/step
Epoch 38/50
29/29 - 91s - loss: 6.5322e-10 - mae: 2.2867e-05 - val_loss: 6.2753e-10 - val_mae: 2.2684e-05 - lr: 0.0038 - 91s/epoch - 3s/step
Epoch 21/50
29/29 - 91s - loss: 6.5788e-10 - mae: 2.3035e-05 - val_loss: 5.8696e-10 - val_mae: 2.1285e-05 - lr: 1.0000e-06 - 91s/epoch - 3s/step
Epoch 36/50
29/29 - 51s - loss: 6.5407e-10 - mae: 2.2917e-05 - val_loss: 6.1977e-10 - val_mae: 2.2196e-05 - lr: 0.0038 - 51s/epoch - 2s/step
Epoch 21/50
29/29 - 91s - loss: 6.5854e-10 - mae: 2.3034e-05 - val_loss: 5.8068e-10 - val_mae: 2.0921e-05 - lr: 6.1940e-04 - 91s/epoch - 3s/step
Epoch 30/50
29/29 - 92s - loss: 6.4686e-10 - mae: 2.2740e-05 - val_loss: 6.8501e-10 - val_mae: 2.3677e-05 - lr: 0.0038 - 92s/epoch - 3s/step
Epoch 21/50
29/29 - 92s - loss: 6.5720e-10 - mae: 2.2999e-05 - val_loss: 5.9119e-10 - val_mae: 2.1335e-05 - lr: 1.0000e-06 - 92s/epoch - 3s/step
Epoch 39/50
29/29 - 94s - loss: 6.5544e-10 - mae: 2.2917e-05 - val_loss: 6.0712e-10 - val_mae: 2.2201e-05 - lr: 1.0000e-06 - 94s/epoch - 3s/step
Epoch 37/50
29/29 - 92s - loss: 6.5707e-10 - mae: 2.2991e-05 - val_loss: 5.9894e-10 - val_mae: 2.1881e-05 - lr: 0.0038 - 92s/epoch - 3s/step
Epoch 21/50
29/29 - 92s - loss: 6.4847e-10 - mae: 2.2818e-05 - val_loss: 6.7270e-10 - val_mae: 2.2805e-05 - lr: 1.0000e-06 - 92s/epoch - 3s/step
Epoch 36/50
29/29 - 92s - loss: 6.4828e-10 - mae: 2.2781e-05 - val_loss: 6.7214e-10 - val_mae: 2.3408e-05 - lr: 0.0029 - 92s/epoch - 3s/step
Epoch 23/50
29/29 - 89s - loss: 6.5845e-10 - mae: 2.3036e-05 - val_loss: 5.8000e-10 - val_mae: 2.0991e-05 - lr: 1.0000e-06 - 89s/epoch - 3s/step
Epoch 37/50
29/29 - 90s - loss: 6.4421e-10 - mae: 2.2717e-05 - val_loss: 7.0811e-10 - val_mae: 2.3861e-05 - lr: 1.0000e-06 - 90s/epoch - 3s/step
Epoch 37/50
29/29 - 90s - loss: 6.5301e-10 - mae: 2.2886e-05 - val_loss: 6.2963e-10 - val_mae: 2.2462e-05 - lr: 0.0018 - 90s/epoch - 3s/step
Epoch 26/50
29/29 - 93s - loss: 6.5377e-10 - mae: 2.2963e-05 - val_loss: 6.2195e-10 - val_mae: 2.1741e-05 - lr: 1.0000e-06 - 93s/epoch - 3s/step
Epoch 39/50
29/29 - 91s - loss: 6.5344e-10 - mae: 2.2869e-05 - val_loss: 6.2671e-10 - val_mae: 2.2648e-05 - lr: 0.0033 - 91s/epoch - 3s/step
Epoch 22/50
29/29 - 91s - loss: 6.5789e-10 - mae: 2.3035e-05 - val_loss: 5.8696e-10 - val_mae: 2.1285e-05 - lr: 1.0000e-06 - 91s/epoch - 3s/step
Epoch 37/50
29/29 - 92s - loss: 6.5856e-10 - mae: 2.3035e-05 - val_loss: 5.8054e-10 - val_mae: 2.0919e-05 - lr: 4.1845e-04 - 92s/epoch - 3s/step
Epoch 31/50
29/29 - 92s - loss: 6.4682e-10 - mae: 2.2742e-05 - val_loss: 6.8562e-10 - val_mae: 2.3698e-05 - lr: 0.0033 - 92s/epoch - 3s/step
Epoch 22/50
29/29 - 92s - loss: 6.5710e-10 - mae: 2.2990e-05 - val_loss: 5.9725e-10 - val_mae: 2.1843e-05 - lr: 0.0033 - 92s/epoch - 3s/step
Epoch 22/50
29/29 - 95s - loss: 6.5544e-10 - mae: 2.2917e-05 - val_loss: 6.0712e-10 - val_mae: 2.2201e-05 - lr: 1.0000e-06 - 95s/epoch - 3s/step
Epoch 38/50
29/29 - 92s - loss: 6.4846e-10 - mae: 2.2818e-05 - val_loss: 6.7270e-10 - val_mae: 2.2805e-05 - lr: 1.0000e-06 - 92s/epoch - 3s/step
Epoch 37/50
29/29 - 92s - loss: 6.4831e-10 - mae: 2.2777e-05 - val_loss: 6.7199e-10 - val_mae: 2.3394e-05 - lr: 0.0025 - 92s/epoch - 3s/step
Epoch 24/50
29/29 - 89s - loss: 6.5845e-10 - mae: 2.3036e-05 - val_loss: 5.8000e-10 - val_mae: 2.0991e-05 - lr: 1.0000e-06 - 89s/epoch - 3s/step
Epoch 38/50
29/29 - 90s - loss: 6.4421e-10 - mae: 2.2717e-05 - val_loss: 7.0811e-10 - val_mae: 2.3861e-05 - lr: 1.0000e-06 - 90s/epoch - 3s/step
Epoch 38/50
29/29 - 90s - loss: 6.5306e-10 - mae: 2.2894e-05 - val_loss: 6.2964e-10 - val_mae: 2.2468e-05 - lr: 0.0014 - 90s/epoch - 3s/step
Epoch 27/50
29/29 - 91s - loss: 6.5340e-10 - mae: 2.2864e-05 - val_loss: 6.2633e-10 - val_mae: 2.2630e-05 - lr: 0.0029 - 91s/epoch - 3s/step
Epoch 23/50
29/29 - 90s - loss: 6.5788e-10 - mae: 2.3035e-05 - val_loss: 5.8696e-10 - val_mae: 2.1285e-05 - lr: 1.0000e-06 - 90s/epoch - 3s/step
Epoch 38/50
29/29 - 91s - loss: 6.5853e-10 - mae: 2.3035e-05 - val_loss: 5.8055e-10 - val_mae: 2.0919e-05 - lr: 2.5549e-04 - 91s/epoch - 3s/step
Epoch 32/50
29/29 - 92s - loss: 6.4667e-10 - mae: 2.2744e-05 - val_loss: 6.8661e-10 - val_mae: 2.3730e-05 - lr: 0.0029 - 92s/epoch - 3s/step
Epoch 23/50
29/29 - 93s - loss: 6.5711e-10 - mae: 2.2988e-05 - val_loss: 5.9698e-10 - val_mae: 2.1836e-05 - lr: 0.0029 - 93s/epoch - 3s/step
Epoch 23/50
29/29 - 95s - loss: 6.5544e-10 - mae: 2.2917e-05 - val_loss: 6.0712e-10 - val_mae: 2.2201e-05 - lr: 1.0000e-06 - 95s/epoch - 3s/step
Epoch 39/50
29/29 - 92s - loss: 6.4847e-10 - mae: 2.2818e-05 - val_loss: 6.7270e-10 - val_mae: 2.2805e-05 - lr: 1.0000e-06 - 92s/epoch - 3s/step
Epoch 38/50
29/29 - 92s - loss: 6.4823e-10 - mae: 2.2776e-05 - val_loss: 6.7214e-10 - val_mae: 2.3408e-05 - lr: 0.0021 - 92s/epoch - 3s/step
Epoch 25/50
29/29 - 89s - loss: 6.5845e-10 - mae: 2.3036e-05 - val_loss: 5.8000e-10 - val_mae: 2.0991e-05 - lr: 1.0000e-06 - 89s/epoch - 3s/step
Epoch 39/50
29/29 - 90s - loss: 6.4421e-10 - mae: 2.2717e-05 - val_loss: 7.0811e-10 - val_mae: 2.3861e-05 - lr: 1.0000e-06 - 90s/epoch - 3s/step
Epoch 39/50
29/29 - 90s - loss: 6.5305e-10 - mae: 2.2889e-05 - val_loss: 6.2953e-10 - val_mae: 2.2451e-05 - lr: 0.0011 - 90s/epoch - 3s/step
Epoch 28/50
29/29 - 91s - loss: 6.5333e-10 - mae: 2.2863e-05 - val_loss: 6.2620e-10 - val_mae: 2.2624e-05 - lr: 0.0025 - 91s/epoch - 3s/step
Epoch 24/50
29/29 - 91s - loss: 6.5788e-10 - mae: 2.3035e-05 - val_loss: 5.8696e-10 - val_mae: 2.1285e-05 - lr: 1.0000e-06 - 91s/epoch - 3s/step
Epoch 39/50
29/29 - 91s - loss: 6.5853e-10 - mae: 2.3034e-05 - val_loss: 5.8060e-10 - val_mae: 2.0920e-05 - lr: 1.3190e-04 - 91s/epoch - 3s/step
Epoch 33/50
29/29 - 92s - loss: 6.4658e-10 - mae: 2.2749e-05 - val_loss: 6.8722e-10 - val_mae: 2.3749e-05 - lr: 0.0025 - 92s/epoch - 3s/step
Epoch 24/50
29/29 - 92s - loss: 6.5711e-10 - mae: 2.2991e-05 - val_loss: 5.9903e-10 - val_mae: 2.1883e-05 - lr: 0.0025 - 92s/epoch - 3s/step
Epoch 24/50
29/29 - 92s - loss: 6.4847e-10 - mae: 2.2818e-05 - val_loss: 6.7270e-10 - val_mae: 2.2805e-05 - lr: 1.0000e-06 - 92s/epoch - 3s/step
Epoch 39/50
29/29 - 92s - loss: 6.4823e-10 - mae: 2.2779e-05 - val_loss: 6.7216e-10 - val_mae: 2.3410e-05 - lr: 0.0018 - 92s/epoch - 3s/step
Epoch 26/50
29/29 - 90s - loss: 6.5845e-10 - mae: 2.3036e-05 - val_loss: 5.8000e-10 - val_mae: 2.0991e-05 - lr: 1.0000e-06 - 90s/epoch - 3s/step
Epoch 40/50
29/29 - 90s - loss: 6.4421e-10 - mae: 2.2717e-05 - val_loss: 7.0811e-10 - val_mae: 2.3861e-05 - lr: 1.0000e-06 - 90s/epoch - 3s/step
Epoch 40/50
29/29 - 90s - loss: 6.5295e-10 - mae: 2.2885e-05 - val_loss: 6.2953e-10 - val_mae: 2.2452e-05 - lr: 8.5670e-04 - 90s/epoch - 3s/step
Epoch 29/50
29/29 - 91s - loss: 6.5337e-10 - mae: 2.2861e-05 - val_loss: 6.2614e-10 - val_mae: 2.2621e-05 - lr: 0.0021 - 91s/epoch - 3s/step
Epoch 25/50
29/29 - 91s - loss: 6.5788e-10 - mae: 2.3035e-05 - val_loss: 5.8696e-10 - val_mae: 2.1285e-05 - lr: 1.0000e-06 - 91s/epoch - 3s/step
Epoch 40/50
29/29 - 91s - loss: 6.5853e-10 - mae: 2.3034e-05 - val_loss: 5.8060e-10 - val_mae: 2.0920e-05 - lr: 4.8688e-05 - 91s/epoch - 3s/step
Epoch 34/50
29/29 - 92s - loss: 6.4666e-10 - mae: 2.2755e-05 - val_loss: 6.8808e-10 - val_mae: 2.3775e-05 - lr: 0.0021 - 92s/epoch - 3s/step
Epoch 25/50
29/29 - 93s - loss: 6.5705e-10 - mae: 2.2992e-05 - val_loss: 6.0088e-10 - val_mae: 2.1924e-05 - lr: 0.0021 - 93s/epoch - 3s/step
Epoch 25/50
29/29 - 92s - loss: 6.4844e-10 - mae: 2.2788e-05 - val_loss: 6.7230e-10 - val_mae: 2.3421e-05 - lr: 0.0014 - 92s/epoch - 3s/step
Epoch 27/50
29/29 - 90s - loss: 6.5297e-10 - mae: 2.2885e-05 - val_loss: 6.2953e-10 - val_mae: 2.2454e-05 - lr: 6.1940e-04 - 90s/epoch - 3s/step
Epoch 30/50
29/29 - 91s - loss: 6.5328e-10 - mae: 2.2862e-05 - val_loss: 6.2645e-10 - val_mae: 2.2636e-05 - lr: 0.0018 - 91s/epoch - 3s/step
Epoch 26/50
29/29 - 91s - loss: 6.5853e-10 - mae: 2.3034e-05 - val_loss: 5.8060e-10 - val_mae: 2.0920e-05 - lr: 6.5501e-06 - 91s/epoch - 3s/step
Epoch 35/50
29/29 - 92s - loss: 6.4662e-10 - mae: 2.2756e-05 - val_loss: 6.8858e-10 - val_mae: 2.3790e-05 - lr: 0.0018 - 92s/epoch - 3s/step
Epoch 26/50
29/29 - 92s - loss: 6.5701e-10 - mae: 2.2995e-05 - val_loss: 6.0280e-10 - val_mae: 2.1965e-05 - lr: 0.0018 - 92s/epoch - 3s/step
Epoch 26/50
29/29 - 92s - loss: 6.4826e-10 - mae: 2.2785e-05 - val_loss: 6.7231e-10 - val_mae: 2.3422e-05 - lr: 0.0011 - 92s/epoch - 3s/step
Epoch 28/50
29/29 - 90s - loss: 6.5293e-10 - mae: 2.2885e-05 - val_loss: 6.2954e-10 - val_mae: 2.2454e-05 - lr: 4.1845e-04 - 90s/epoch - 3s/step
Epoch 31/50
29/29 - 91s - loss: 6.5331e-10 - mae: 2.2866e-05 - val_loss: 6.2687e-10 - val_mae: 2.2655e-05 - lr: 0.0014 - 91s/epoch - 3s/step
Epoch 27/50
29/29 - 91s - loss: 6.5853e-10 - mae: 2.3034e-05 - val_loss: 5.8060e-10 - val_mae: 2.0920e-05 - lr: 1.0000e-06 - 91s/epoch - 3s/step
Epoch 36/50
29/29 - 92s - loss: 6.4660e-10 - mae: 2.2757e-05 - val_loss: 6.8866e-10 - val_mae: 2.3793e-05 - lr: 0.0014 - 92s/epoch - 3s/step
Epoch 27/50
29/29 - 92s - loss: 6.5705e-10 - mae: 2.2997e-05 - val_loss: 6.0349e-10 - val_mae: 2.1980e-05 - lr: 0.0014 - 92s/epoch - 3s/step
Epoch 27/50
29/29 - 92s - loss: 6.4820e-10 - mae: 2.2782e-05 - val_loss: 6.7225e-10 - val_mae: 2.3417e-05 - lr: 8.5670e-04 - 92s/epoch - 3s/step
Epoch 29/50
29/29 - 90s - loss: 6.5291e-10 - mae: 2.2884e-05 - val_loss: 6.2953e-10 - val_mae: 2.2451e-05 - lr: 2.5549e-04 - 90s/epoch - 3s/step
Epoch 32/50
29/29 - 91s - loss: 6.5331e-10 - mae: 2.2867e-05 - val_loss: 6.2671e-10 - val_mae: 2.2648e-05 - lr: 0.0011 - 91s/epoch - 3s/step
Epoch 28/50
29/29 - 91s - loss: 6.5853e-10 - mae: 2.3034e-05 - val_loss: 5.8059e-10 - val_mae: 2.0920e-05 - lr: 1.0000e-06 - 91s/epoch - 3s/step
Epoch 37/50
29/29 - 92s - loss: 6.4661e-10 - mae: 2.2758e-05 - val_loss: 6.8893e-10 - val_mae: 2.3801e-05 - lr: 0.0011 - 92s/epoch - 3s/step
Epoch 28/50
29/29 - 92s - loss: 6.5707e-10 - mae: 2.2999e-05 - val_loss: 6.0410e-10 - val_mae: 2.1994e-05 - lr: 0.0011 - 92s/epoch - 3s/step
Epoch 28/50
29/29 - 92s - loss: 6.4827e-10 - mae: 2.2779e-05 - val_loss: 6.7212e-10 - val_mae: 2.3407e-05 - lr: 6.1940e-04 - 92s/epoch - 3s/step
Epoch 30/50
29/29 - 90s - loss: 6.5291e-10 - mae: 2.2883e-05 - val_loss: 6.2953e-10 - val_mae: 2.2451e-05 - lr: 1.3190e-04 - 90s/epoch - 3s/step
Epoch 33/50
29/29 - 91s - loss: 6.5321e-10 - mae: 2.2865e-05 - val_loss: 6.2704e-10 - val_mae: 2.2663e-05 - lr: 8.5670e-04 - 91s/epoch - 3s/step
Epoch 29/50
29/29 - 91s - loss: 6.5853e-10 - mae: 2.3034e-05 - val_loss: 5.8059e-10 - val_mae: 2.0920e-05 - lr: 1.0000e-06 - 91s/epoch - 3s/step
Epoch 38/50
29/29 - 92s - loss: 6.4661e-10 - mae: 2.2759e-05 - val_loss: 6.8895e-10 - val_mae: 2.3801e-05 - lr: 8.5670e-04 - 92s/epoch - 3s/step
Epoch 29/50
29/29 - 92s - loss: 6.5722e-10 - mae: 2.3004e-05 - val_loss: 6.0569e-10 - val_mae: 2.2027e-05 - lr: 8.5670e-04 - 92s/epoch - 3s/step
Epoch 29/50
29/29 - 92s - loss: 6.4819e-10 - mae: 2.2778e-05 - val_loss: 6.7212e-10 - val_mae: 2.3407e-05 - lr: 4.1845e-04 - 92s/epoch - 3s/step
Epoch 31/50
29/29 - 90s - loss: 6.5292e-10 - mae: 2.2883e-05 - val_loss: 6.2953e-10 - val_mae: 2.2451e-05 - lr: 4.8688e-05 - 90s/epoch - 3s/step
Epoch 34/50
29/29 - 91s - loss: 6.5323e-10 - mae: 2.2868e-05 - val_loss: 6.2718e-10 - val_mae: 2.2669e-05 - lr: 6.1940e-04 - 91s/epoch - 3s/step
Epoch 30/50
29/29 - 92s - loss: 6.5853e-10 - mae: 2.3034e-05 - val_loss: 5.8059e-10 - val_mae: 2.0920e-05 - lr: 1.0000e-06 - 92s/epoch - 3s/step
Epoch 39/50
29/29 - 91s - loss: 6.4661e-10 - mae: 2.2758e-05 - val_loss: 6.8843e-10 - val_mae: 2.3786e-05 - lr: 6.1940e-04 - 91s/epoch - 3s/step
Epoch 30/50
29/29 - 92s - loss: 6.5708e-10 - mae: 2.3000e-05 - val_loss: 6.0580e-10 - val_mae: 2.2029e-05 - lr: 6.1940e-04 - 92s/epoch - 3s/step
Epoch 30/50
29/29 - 93s - loss: 6.4819e-10 - mae: 2.2778e-05 - val_loss: 6.7210e-10 - val_mae: 2.3405e-05 - lr: 2.5549e-04 - 93s/epoch - 3s/step
Epoch 32/50
29/29 - 90s - loss: 6.5291e-10 - mae: 2.2883e-05 - val_loss: 6.2953e-10 - val_mae: 2.2451e-05 - lr: 6.5501e-06 - 90s/epoch - 3s/step
Epoch 35/50
29/29 - 91s - loss: 6.5324e-10 - mae: 2.2868e-05 - val_loss: 6.2718e-10 - val_mae: 2.2669e-05 - lr: 4.1845e-04 - 91s/epoch - 3s/step
Epoch 31/50
29/29 - 91s - loss: 6.5853e-10 - mae: 2.3034e-05 - val_loss: 5.8059e-10 - val_mae: 2.0920e-05 - lr: 1.0000e-06 - 91s/epoch - 3s/step
Epoch 40/50
29/29 - 92s - loss: 6.4661e-10 - mae: 2.2757e-05 - val_loss: 6.8864e-10 - val_mae: 2.3792e-05 - lr: 4.1845e-04 - 92s/epoch - 3s/step
Epoch 31/50
29/29 - 92s - loss: 6.5708e-10 - mae: 2.3000e-05 - val_loss: 6.0582e-10 - val_mae: 2.2029e-05 - lr: 4.1845e-04 - 92s/epoch - 3s/step
Epoch 31/50
29/29 - 91s - loss: 6.4820e-10 - mae: 2.2778e-05 - val_loss: 6.7209e-10 - val_mae: 2.3405e-05 - lr: 1.3190e-04 - 91s/epoch - 3s/step
Epoch 33/50
29/29 - 90s - loss: 6.5291e-10 - mae: 2.2883e-05 - val_loss: 6.2953e-10 - val_mae: 2.2451e-05 - lr: 1.0000e-06 - 90s/epoch - 3s/step
Epoch 36/50
29/29 - 91s - loss: 6.5324e-10 - mae: 2.2868e-05 - val_loss: 6.2717e-10 - val_mae: 2.2669e-05 - lr: 2.5549e-04 - 91s/epoch - 3s/step
Epoch 32/50
29/29 - 92s - loss: 6.4661e-10 - mae: 2.2757e-05 - val_loss: 6.8841e-10 - val_mae: 2.3786e-05 - lr: 2.5549e-04 - 92s/epoch - 3s/step
Epoch 32/50
29/29 - 92s - loss: 6.5712e-10 - mae: 2.3001e-05 - val_loss: 6.0588e-10 - val_mae: 2.2031e-05 - lr: 2.5549e-04 - 92s/epoch - 3s/step
Epoch 32/50
29/29 - 91s - loss: 6.4819e-10 - mae: 2.2777e-05 - val_loss: 6.7209e-10 - val_mae: 2.3404e-05 - lr: 4.8688e-05 - 91s/epoch - 3s/step
Epoch 34/50
29/29 - 90s - loss: 6.5291e-10 - mae: 2.2883e-05 - val_loss: 6.2953e-10 - val_mae: 2.2451e-05 - lr: 1.0000e-06 - 90s/epoch - 3s/step
Epoch 37/50
29/29 - 91s - loss: 6.5325e-10 - mae: 2.2868e-05 - val_loss: 6.2714e-10 - val_mae: 2.2667e-05 - lr: 1.3190e-04 - 91s/epoch - 3s/step
Epoch 33/50
29/29 - 92s - loss: 6.4658e-10 - mae: 2.2756e-05 - val_loss: 6.8842e-10 - val_mae: 2.3786e-05 - lr: 1.3190e-04 - 92s/epoch - 3s/step
Epoch 33/50
29/29 - 92s - loss: 6.5710e-10 - mae: 2.3001e-05 - val_loss: 6.0607e-10 - val_mae: 2.2035e-05 - lr: 1.3190e-04 - 92s/epoch - 3s/step
Epoch 33/50
29/29 - 91s - loss: 6.4819e-10 - mae: 2.2777e-05 - val_loss: 6.7209e-10 - val_mae: 2.3404e-05 - lr: 6.5501e-06 - 91s/epoch - 3s/step
Epoch 35/50
29/29 - 90s - loss: 6.5291e-10 - mae: 2.2883e-05 - val_loss: 6.2953e-10 - val_mae: 2.2451e-05 - lr: 1.0000e-06 - 90s/epoch - 3s/step
Epoch 38/50
29/29 - 91s - loss: 6.5324e-10 - mae: 2.2868e-05 - val_loss: 6.2716e-10 - val_mae: 2.2668e-05 - lr: 4.8688e-05 - 91s/epoch - 3s/step
Epoch 34/50
29/29 - 92s - loss: 6.4658e-10 - mae: 2.2756e-05 - val_loss: 6.8844e-10 - val_mae: 2.3786e-05 - lr: 4.8688e-05 - 92s/epoch - 3s/step
Epoch 34/50
29/29 - 92s - loss: 6.5708e-10 - mae: 2.3000e-05 - val_loss: 6.0584e-10 - val_mae: 2.2030e-05 - lr: 4.8688e-05 - 92s/epoch - 3s/step
Epoch 34/50
29/29 - 91s - loss: 6.4819e-10 - mae: 2.2777e-05 - val_loss: 6.7209e-10 - val_mae: 2.3404e-05 - lr: 1.0000e-06 - 91s/epoch - 3s/step
Epoch 36/50
29/29 - 90s - loss: 6.5292e-10 - mae: 2.2883e-05 - val_loss: 6.2953e-10 - val_mae: 2.2451e-05 - lr: 1.0000e-06 - 90s/epoch - 3s/step
Epoch 39/50
29/29 - 91s - loss: 6.5323e-10 - mae: 2.2868e-05 - val_loss: 6.2715e-10 - val_mae: 2.2668e-05 - lr: 6.5501e-06 - 91s/epoch - 3s/step
Epoch 35/50
29/29 - 91s - loss: 6.4658e-10 - mae: 2.2756e-05 - val_loss: 6.8844e-10 - val_mae: 2.3786e-05 - lr: 6.5501e-06 - 91s/epoch - 3s/step
Epoch 35/50
29/29 - 92s - loss: 6.5708e-10 - mae: 2.3000e-05 - val_loss: 6.0587e-10 - val_mae: 2.2031e-05 - lr: 6.5501e-06 - 92s/epoch - 3s/step
Epoch 35/50
29/29 - 91s - loss: 6.4819e-10 - mae: 2.2777e-05 - val_loss: 6.7209e-10 - val_mae: 2.3404e-05 - lr: 1.0000e-06 - 91s/epoch - 3s/step
Epoch 37/50
29/29 - 90s - loss: 6.5291e-10 - mae: 2.2883e-05 - val_loss: 6.2953e-10 - val_mae: 2.2451e-05 - lr: 1.0000e-06 - 90s/epoch - 3s/step
Epoch 40/50
29/29 - 91s - loss: 6.5323e-10 - mae: 2.2868e-05 - val_loss: 6.2715e-10 - val_mae: 2.2668e-05 - lr: 1.0000e-06 - 91s/epoch - 3s/step
Epoch 36/50
29/29 - 92s - loss: 6.4658e-10 - mae: 2.2756e-05 - val_loss: 6.8844e-10 - val_mae: 2.3786e-05 - lr: 1.0000e-06 - 92s/epoch - 3s/step
Epoch 36/50
29/29 - 92s - loss: 6.5708e-10 - mae: 2.3000e-05 - val_loss: 6.0587e-10 - val_mae: 2.2031e-05 - lr: 1.0000e-06 - 92s/epoch - 3s/step
Epoch 36/50
29/29 - 92s - loss: 6.4819e-10 - mae: 2.2777e-05 - val_loss: 6.7209e-10 - val_mae: 2.3404e-05 - lr: 1.0000e-06 - 92s/epoch - 3s/step
Epoch 38/50
29/29 - 91s - loss: 6.5323e-10 - mae: 2.2868e-05 - val_loss: 6.2715e-10 - val_mae: 2.2668e-05 - lr: 1.0000e-06 - 91s/epoch - 3s/step
Epoch 37/50
29/29 - 92s - loss: 6.4658e-10 - mae: 2.2756e-05 - val_loss: 6.8844e-10 - val_mae: 2.3786e-05 - lr: 1.0000e-06 - 92s/epoch - 3s/step
Epoch 37/50
29/29 - 92s - loss: 6.5708e-10 - mae: 2.3000e-05 - val_loss: 6.0587e-10 - val_mae: 2.2031e-05 - lr: 1.0000e-06 - 92s/epoch - 3s/step
Epoch 37/50
29/29 - 92s - loss: 6.4819e-10 - mae: 2.2777e-05 - val_loss: 6.7209e-10 - val_mae: 2.3404e-05 - lr: 1.0000e-06 - 92s/epoch - 3s/step
Epoch 39/50
29/29 - 91s - loss: 6.5323e-10 - mae: 2.2868e-05 - val_loss: 6.2715e-10 - val_mae: 2.2668e-05 - lr: 1.0000e-06 - 91s/epoch - 3s/step
Epoch 38/50
29/29 - 92s - loss: 6.4658e-10 - mae: 2.2756e-05 - val_loss: 6.8844e-10 - val_mae: 2.3786e-05 - lr: 1.0000e-06 - 92s/epoch - 3s/step
Epoch 38/50
29/29 - 92s - loss: 6.5707e-10 - mae: 2.3000e-05 - val_loss: 6.0587e-10 - val_mae: 2.2031e-05 - lr: 1.0000e-06 - 92s/epoch - 3s/step
Epoch 38/50
29/29 - 91s - loss: 6.5323e-10 - mae: 2.2868e-05 - val_loss: 6.2715e-10 - val_mae: 2.2668e-05 - lr: 1.0000e-06 - 91s/epoch - 3s/step
Epoch 39/50
29/29 - 91s - loss: 6.4658e-10 - mae: 2.2756e-05 - val_loss: 6.8844e-10 - val_mae: 2.3786e-05 - lr: 1.0000e-06 - 91s/epoch - 3s/step
Epoch 39/50
29/29 - 92s - loss: 6.5708e-10 - mae: 2.3000e-05 - val_loss: 6.0587e-10 - val_mae: 2.2031e-05 - lr: 1.0000e-06 - 92s/epoch - 3s/step
Epoch 39/50
29/29 - 91s - loss: 6.5323e-10 - mae: 2.2868e-05 - val_loss: 6.2715e-10 - val_mae: 2.2668e-05 - lr: 1.0000e-06 - 91s/epoch - 3s/step
Epoch 40/50
