To execute the default application inside the container, run:
apptainer run --nv $CONTAINERDIR/tensorflow-2.17.0.sif

This container is based on NGC 24.11
https://docs.nvidia.com/deeplearning/frameworks/tensorflow-release-notes/rel-24-11.html#rel-24-11
To execute the default application inside the container, run:
apptainer run --nv $CONTAINERDIR/tensorflow-2.17.0.sif

This container is based on NGC 24.11
https://docs.nvidia.com/deeplearning/frameworks/tensorflow-release-notes/rel-24-11.html#rel-24-11
To execute the default application inside the container, run:
apptainer run --nv $CONTAINERDIR/tensorflow-2.17.0.sif

This container is based on NGC 24.11
https://docs.nvidia.com/deeplearning/frameworks/tensorflow-release-notes/rel-24-11.html#rel-24-11
2026-01-26 18:12:16.108999: E external/local_xla/xla/stream_executor/cuda/cuda_fft.cc:485] Unable to register cuFFT factory: Attempting to register factory for plugin cuFFT when one has already been registered
2026-01-26 18:12:16.109611: E external/local_xla/xla/stream_executor/cuda/cuda_fft.cc:485] Unable to register cuFFT factory: Attempting to register factory for plugin cuFFT when one has already been registered
2026-01-26 18:12:16.110215: E external/local_xla/xla/stream_executor/cuda/cuda_fft.cc:485] Unable to register cuFFT factory: Attempting to register factory for plugin cuFFT when one has already been registered
2026-01-26 18:12:16.276324: E external/local_xla/xla/stream_executor/cuda/cuda_dnn.cc:8473] Unable to register cuDNN factory: Attempting to register factory for plugin cuDNN when one has already been registered
2026-01-26 18:12:16.277196: E external/local_xla/xla/stream_executor/cuda/cuda_dnn.cc:8473] Unable to register cuDNN factory: At2026-01-26 18:12:16.277208: E external/local_xla/xla/stream_executor/cuda/cuda_dnn.cc:8473] Unable to register cuDNN factory: Attempting to register factory for plugin cuDNN when one has already been registered
tempting to register factory for plugin cuDNN when one has already been registered
2026-01-26 18:12:16.320069: E external/local_xla/xla/stream_executor/cuda/cuda_blas.cc:1471] Unable to register cuBLAS factory: Attempting to register factory for plugin cuBLAS when one has already been registered
2026-01-26 18:12:16.320923: E external/local_xla/xla/stream_executor/cuda/cuda_blas.cc:1471] Unable to register cuBLAS factory: 2026-01-26 18:12:16.320942: E external/local_xla/xla/stream_executor/cuda/cuda_blas.cc:1471] Unable to register cuBLAS factory: Attempting to register factory for plugin cuBLAS when one has already been registered
Attempting to register factory for plugin cuBLAS when one has already been registered
2026-01-26 18:12:16.672699: I tensorflow/core/platform/cpu_feature_guard.cc:211] This TensorFlow binary is optimized to use avai2026-01-26 18:12:16.672703: I tensorflow/core/platform/cpu_feature_guard.cc:211] This TensorFlow binary is optimized to use available CPU instructions in performance-critical operations.
To enable the following instructions: SSE3 SSE4.1 SSE4.2 AVX, in other operations, rebuild TensorFlow with the appropriate compiler flags.
lable CPU instructions in performance-critical operations.
To enable the following instructions: SSE3 SSE4.1 SSE4.2 AVX, in other operations, rebuild TensorFlow with the appropriate compiler flags.
2026-01-26 18:12:16.673587: I tensorflow/core/platform/cpu_feature_guard.cc:211] This TensorFlow binary is optimized to use available CPU instructions in performance-critical operations.
To enable the following instructions: SSE3 SSE4.1 SSE4.2 AVX, in other operations, rebuild TensorFlow with the appropriate compiler flags.
2026-01-26 18:12:22.860495: I tensorflow/core/common_runtime/gpu/gpu_device.cc:2021] Created device /job:localhost/replica:0/task:0/device:GPU:0 with 78812 MB memory:  -> device: 0, name: NVIDIA A100-SXM4-80GB, pci bus id: 0000:0f:00.0, compute capability: 8.0
2026-01-26 18:12:22.891169: I tensorflow/core/common_runtime/gpu/gpu_device.cc:2021] Created device /job:localhost/replica:0/task:0/device:GPU:0 with 78812 MB memory:  -> device: 0, name: NVIDIA A100-SXM4-80GB, pci bus id: 0000:b7:00.0, compute capability: 8.0
2026-01-26 18:12:22.965140: I tensorflow/core/common_runtime/gpu/gpu_device.cc:2021] Created device /job:localhost/replica:0/task:0/device:GPU:0 with 78812 MB memory:  -> device: 0, name: NVIDIA A100-SXM4-80GB, pci bus id: 0000:47:00.0, compute capability: 8.0
''''+ptx85+ptx85+ptx85+ptx85' is not a recognized feature for this target' is not a recognized feature for this target' is not a recognized feature for this target' is not a recognized feature for this target (ignoring feature)
 (ignoring feature)
 (ignoring feature)
 (ignoring feature)
''''+ptx85+ptx85+ptx85+ptx85' is not a recognized feature for this target' is not a recognized feature for this target' is not a recognized feature for this target' is not a recognized feature for this target (ignoring feature)
 (ignoring feature)
 (ignoring feature)
 (ignoring feature)
'''+ptx85'+ptx85+ptx85' is not a recognized feature for this target+ptx85' is not a recognized feature for this target' is not a recognized feature for this target (ignoring feature)
' is not a recognized feature for this target (ignoring feature)
 (ignoring feature)
 (ignoring feature)
''+ptx85+ptx85' is not a recognized feature for this target' is not a recognized feature for this target (ignoring feature)
 (ignoring feature)
'+ptx85' is not a recognized feature for this target (ignoring feature)
'''+ptx85+ptx85+ptx85' is not a recognized feature for this target' is not a recognized feature for this target' is not a recognized feature for this target (ignoring feature)
 (ignoring feature)
 (ignoring feature)
'+ptx85' is not a recognized feature for this target (ignoring feature)
'+ptx85' is not a recognized feature for this target (ignoring feature)
'''+ptx85+ptx85+ptx85' is not a recognized feature for this target' is not a recognized feature for this target' is not a recognized feature for this target (ignoring feature)
 (ignoring feature)
 (ignoring feature)
'+ptx85' is not a recognized feature for this target (ignoring feature)
''''+ptx85+ptx85+ptx85+ptx85' is not a recognized feature for this target' is not a recognized feature for this target' is not a recognized feature for this target' is not a recognized feature for this target (ignoring feature)
 (ignoring feature)
 (ignoring feature)
 (ignoring feature)
''''+ptx85+ptx85+ptx85+ptx85' is not a recognized feature for this target' is not a recognized feature for this target' is not a recognized feature for this target' is not a recognized feature for this target (ignoring feature)
 (ignoring feature)
 (ignoring feature)
 (ignoring feature)
''''+ptx85+ptx85+ptx85+ptx85' is not a recognized feature for this target' is not a recognized feature for this target' is not a recognized feature for this target' is not a recognized feature for this target (ignoring feature)
 (ignoring feature)
 (ignoring feature)
 (ignoring feature)
'+ptx85' is not a recognized feature for this target (ignoring feature)
'+ptx85' is not a recognized feature for this target (ignoring feature)
'+ptx85' is not a recognized feature for this target (ignoring feature)
'+ptx85' is not a recognized feature for this target (ignoring feature)
'+ptx85' is not a recognized feature for this target (ignoring feature)
'+ptx85' is not a recognized feature for this target (ignoring feature)
'+ptx85' is not a recognized feature for this target (ignoring feature)
'+ptx85' is not a recognized feature for this target (ignoring feature)
'+ptx85' is not a recognized feature for this target (ignoring feature)
'+ptx85' is not a recognized feature for this target (ignoring feature)
'+ptx85' is not a recognized feature for this target (ignoring feature)
'+ptx85' is not a recognized feature for this target (ignoring feature)
'+ptx85' is not a recognized feature for this target (ignoring feature)
'+ptx85' is not a recognized feature for this target (ignoring feature)
'+ptx85' is not a recognized feature for this target (ignoring feature)
'+ptx85' is not a recognized feature for this target (ignoring feature)
'+ptx85' is not a recognized feature for this target (ignoring feature)
'+ptx85' is not a recognized feature for this target (ignoring feature)
'+ptx85' is not a recognized feature for this target (ignoring feature)
'+ptx85' is not a recognized feature for this target (ignoring feature)
'+ptx85' is not a recognized feature for this target (ignoring feature)
'+ptx85' is not a recognized feature for this target (ignoring feature)
'+ptx85' is not a recognized feature for this target (ignoring feature)
'+ptx85' is not a recognized feature for this target (ignoring feature)
'+ptx85' is not a recognized feature for this target (ignoring feature)
'+ptx85' is not a recognized feature for this target (ignoring feature)
'+ptx85' is not a recognized feature for this target (ignoring feature)
'+ptx85' is not a recognized feature for this target (ignoring feature)
'+ptx85' is not a recognized feature for this target (ignoring feature)
'+ptx85' is not a recognized feature for this target (ignoring feature)
'+ptx85' is not a recognized feature for this target (ignoring feature)
'+ptx85' is not a recognized feature for this target (ignoring feature)
'+ptx85' is not a recognized feature for this target (ignoring feature)
'+ptx85' is not a recognized feature for this target (ignoring feature)
'+ptx85' is not a recognized feature for this target (ignoring feature)
'+ptx85' is not a recognized feature for this target (ignoring feature)
'+ptx85' is not a recognized feature for this target (ignoring feature)
'+ptx85' is not a recognized feature for this target (ignoring feature)
'+ptx85' is not a recognized feature for this target (ignoring feature)
'+ptx85' is not a recognized feature for this target (ignoring feature)
'+ptx85' is not a recognized feature for this target (ignoring feature)
'+ptx85' is not a recognized feature for this target (ignoring feature)
'+ptx85' is not a recognized feature for this target (ignoring feature)
'+ptx85' is not a recognized feature for this target (ignoring feature)
'+ptx85' is not a recognized feature for this target (ignoring feature)
'+ptx85' is not a recognized feature for this target (ignoring feature)
'+ptx85' is not a recognized feature for this target (ignoring feature)
'+ptx85' is not a recognized feature for this target (ignoring feature)
'+ptx85' is not a recognized feature for this target (ignoring feature)
'+ptx85' is not a recognized feature for this target (ignoring feature)
'+ptx85' is not a recognized feature for this target (ignoring feature)
'+ptx85' is not a recognized feature for this target (ignoring feature)
'+ptx85' is not a recognized feature for this target (ignoring feature)
'+ptx85' is not a recognized feature for this target (ignoring feature)
'+ptx85' is not a recognized feature for this target (ignoring feature)
'+ptx85' is not a recognized feature for this target (ignoring feature)
'+ptx85' is not a recognized feature for this target (ignoring feature)
'+ptx85' is not a recognized feature for this target (ignoring feature)
'+ptx85' is not a recognized feature for this target (ignoring feature)
'+ptx85' is not a recognized feature for this target (ignoring feature)
'+ptx85' is not a recognized feature for this target (ignoring feature)
'+ptx85' is not a recognized feature for this target (ignoring feature)
'+ptx85' is not a recognized feature for this target (ignoring feature)
'+ptx85' is not a recognized feature for this target (ignoring feature)
'+ptx85' is not a recognized feature for this target (ignoring feature)
'+ptx85' is not a recognized feature for this target (ignoring feature)
'+ptx85' is not a recognized feature for this target (ignoring feature)
'+ptx85' is not a recognized feature for this target (ignoring feature)
'+ptx85' is not a recognized feature for this target (ignoring feature)
'+ptx85' is not a recognized feature for this target (ignoring feature)
'+ptx85' is not a recognized feature for this target (ignoring feature)
'+ptx85' is not a recognized feature for this target (ignoring feature)
'+ptx85' is not a recognized feature for this target (ignoring feature)
'+ptx85' is not a recognized feature for this target (ignoring feature)
'+ptx85' is not a recognized feature for this target (ignoring feature)
'+ptx85' is not a recognized feature for this target (ignoring feature)
'+ptx85' is not a recognized feature for this target (ignoring feature)
'+ptx85' is not a recognized feature for this target (ignoring feature)
'+ptx85' is not a recognized feature for this target (ignoring feature)
'+ptx85' is not a recognized feature for this target (ignoring feature)
'+ptx85' is not a recognized feature for this target (ignoring feature)
'+ptx85' is not a recognized feature for this target (ignoring feature)
'+ptx85' is not a recognized feature for this target (ignoring feature)
'+ptx85' is not a recognized feature for this target (ignoring feature)
'+ptx85' is not a recognized feature for this target (ignoring feature)
'+ptx85' is not a recognized feature for this target (ignoring feature)
'+ptx85' is not a recognized feature for this target (ignoring feature)
'+ptx85' is not a recognized feature for this target (ignoring feature)
'+ptx85' is not a recognized feature for this target (ignoring feature)
'+ptx85' is not a recognized feature for this target (ignoring feature)
'+ptx85' is not a recognized feature for this target (ignoring feature)
'+ptx85' is not a recognized feature for this target (ignoring feature)
'+ptx85' is not a recognized feature for this target (ignoring feature)
'+ptx85' is not a recognized feature for this target (ignoring feature)
'+ptx85' is not a recognized feature for this target (ignoring feature)
'+ptx85' is not a recognized feature for this target (ignoring feature)
'+ptx85' is not a recognized feature for this target (ignoring feature)
'+ptx85' is not a recognized feature for this target (ignoring feature)
'+ptx85' is not a recognized feature for this target (ignoring feature)
'+ptx85' is not a recognized feature for this target (ignoring feature)
'+ptx85' is not a recognized feature for this target (ignoring feature)
'+ptx85' is not a recognized feature for this target (ignoring feature)
'+ptx85' is not a recognized feature for this target (ignoring feature)
'+ptx85' is not a recognized feature for this target (ignoring feature)
'+ptx85' is not a recognized feature for this target (ignoring feature)
'+ptx85' is not a recognized feature for this target (ignoring feature)
'+ptx85' is not a recognized feature for this target (ignoring feature)
'+ptx85' is not a recognized feature for this target (ignoring feature)
'+ptx85' is not a recognized feature for this target (ignoring feature)
'+ptx85' is not a recognized feature for this target (ignoring feature)
'+ptx85' is not a recognized feature for this target (ignoring feature)
'+ptx85' is not a recognized feature for this target (ignoring feature)
'+ptx85' is not a recognized feature for this target (ignoring feature)
'+ptx85' is not a recognized feature for this target (ignoring feature)
'+ptx85' is not a recognized feature for this target (ignoring feature)
'+ptx85' is not a recognized feature for this target (ignoring feature)
'+ptx85' is not a recognized feature for this target (ignoring feature)
'+ptx85' is not a recognized feature for this target (ignoring feature)
'+ptx85' is not a recognized feature for this target (ignoring feature)
'+ptx85' is not a recognized feature for this target (ignoring feature)
'+ptx85' is not a recognized feature for this target (ignoring feature)
'+ptx85' is not a recognized feature for this target (ignoring feature)
'+ptx85' is not a recognized feature for this target (ignoring feature)
'+ptx85' is not a recognized feature for this target (ignoring feature)
'+ptx85' is not a recognized feature for this target (ignoring feature)
'+ptx85' is not a recognized feature for this target (ignoring feature)
'+ptx85' is not a recognized feature for this target (ignoring feature)
'+ptx85' is not a recognized feature for this target (ignoring feature)
'+ptx85' is not a recognized feature for this target (ignoring feature)
'+ptx85' is not a recognized feature for this target (ignoring feature)
'+ptx85' is not a recognized feature for this target (ignoring feature)
'+ptx85' is not a recognized feature for this target (ignoring feature)
'+ptx85' is not a recognized feature for this target (ignoring feature)
'+ptx85' is not a recognized feature for this target (ignoring feature)
'+ptx85' is not a recognized feature for this target (ignoring feature)
'+ptx85' is not a recognized feature for this target (ignoring feature)
'+ptx85' is not a recognized feature for this target (ignoring feature)
'+ptx85' is not a recognized feature for this target (ignoring feature)
'+ptx85' is not a recognized feature for this target (ignoring feature)
'+ptx85' is not a recognized feature for this target (ignoring feature)
'+ptx85' is not a recognized feature for this target (ignoring feature)
'+ptx85' is not a recognized feature for this target (ignoring feature)
'+ptx85' is not a recognized feature for this target (ignoring feature)
'+ptx85' is not a recognized feature for this target (ignoring feature)
'+ptx85' is not a recognized feature for this target (ignoring feature)
'+ptx85' is not a recognized feature for this target (ignoring feature)
'+ptx85' is not a recognized feature for this target (ignoring feature)
'+ptx85' is not a recognized feature for this target (ignoring feature)
'+ptx85' is not a recognized feature for this target (ignoring feature)
'+ptx85' is not a recognized feature for this target (ignoring feature)
'+ptx85' is not a recognized feature for this target (ignoring feature)
'+ptx85' is not a recognized feature for this target (ignoring feature)
'+ptx85' is not a recognized feature for this target (ignoring feature)
'+ptx85' is not a recognized feature for this target (ignoring feature)
'+ptx85' is not a recognized feature for this target (ignoring feature)
'+ptx85' is not a recognized feature for this target (ignoring feature)
'+ptx85' is not a recognized feature for this target (ignoring feature)
'+ptx85' is not a recognized feature for this target (ignoring feature)
'+ptx85' is not a recognized feature for this target (ignoring feature)
'+ptx85' is not a recognized feature for this target (ignoring feature)
'+ptx85' is not a recognized feature for this target (ignoring feature)
'+ptx85' is not a recognized feature for this target (ignoring feature)
'+ptx85' is not a recognized feature for this target (ignoring feature)
'+ptx85' is not a recognized feature for this target (ignoring feature)
'+ptx85' is not a recognized feature for this target (ignoring feature)
'+ptx85' is not a recognized feature for this target (ignoring feature)
'+ptx85' is not a recognized feature for this target (ignoring feature)
'+ptx85' is not a recognized feature for this target (ignoring feature)
'+ptx85' is not a recognized feature for this target (ignoring feature)
'+ptx85' is not a recognized feature for this target (ignoring feature)
'+ptx85' is not a recognized feature for this target (ignoring feature)
'+ptx85' is not a recognized feature for this target (ignoring feature)
'+ptx85' is not a recognized feature for this target (ignoring feature)
'+ptx85' is not a recognized feature for this target (ignoring feature)
'+ptx85' is not a recognized feature for this target (ignoring feature)
'+ptx85' is not a recognized feature for this target (ignoring feature)
'+ptx85' is not a recognized feature for this target (ignoring feature)
'+ptx85' is not a recognized feature for this target (ignoring feature)
'+ptx85' is not a recognized feature for this target (ignoring feature)
'+ptx85' is not a recognized feature for this target (ignoring feature)
'+ptx85' is not a recognized feature for this target (ignoring feature)
'+ptx85' is not a recognized feature for this target (ignoring feature)
'+ptx85' is not a recognized feature for this target (ignoring feature)
'+ptx85' is not a recognized feature for this target (ignoring feature)
'+ptx85' is not a recognized feature for this target (ignoring feature)
'+ptx85' is not a recognized feature for this target (ignoring feature)
'+ptx85' is not a recognized feature for this target (ignoring feature)
'+ptx85' is not a recognized feature for this target (ignoring feature)
'+ptx85' is not a recognized feature for this target (ignoring feature)
'+ptx85' is not a recognized feature for this target (ignoring feature)
'+ptx85' is not a recognized feature for this target (ignoring feature)
'+ptx85' is not a recognized feature for this target (ignoring feature)
'+ptx85' is not a recognized feature for this target (ignoring feature)
'+ptx85' is not a recognized feature for this target (ignoring feature)
'+ptx85' is not a recognized feature for this target (ignoring feature)
'+ptx85' is not a recognized feature for this target (ignoring feature)
'+ptx85' is not a recognized feature for this target (ignoring feature)
'+ptx85' is not a recognized feature for this target (ignoring feature)
'+ptx85' is not a recognized feature for this target (ignoring feature)
'+ptx85' is not a recognized feature for this target (ignoring feature)
'+ptx85' is not a recognized feature for this target (ignoring feature)
'+ptx85' is not a recognized feature for this target (ignoring feature)
'+ptx85' is not a recognized feature for this target (ignoring feature)
'+ptx85' is not a recognized feature for this target (ignoring feature)
'+ptx85' is not a recognized feature for this target (ignoring feature)
'+ptx85' is not a recognized feature for this target (ignoring feature)
'+ptx85' is not a recognized feature for this target (ignoring feature)
'+ptx85' is not a recognized feature for this target (ignoring feature)
'+ptx85' is not a recognized feature for this target (ignoring feature)
'+ptx85' is not a recognized feature for this target (ignoring feature)
'+ptx85' is not a recognized feature for this target (ignoring feature)
'+ptx85' is not a recognized feature for this target (ignoring feature)
'+ptx85' is not a recognized feature for this target (ignoring feature)
'+ptx85' is not a recognized feature for this target (ignoring feature)
'+ptx85' is not a recognized feature for this target (ignoring feature)
'+ptx85' is not a recognized feature for this target (ignoring feature)
'+ptx85' is not a recognized feature for this target (ignoring feature)
'+ptx85' is not a recognized feature for this target (ignoring feature)
'+ptx85' is not a recognized feature for this target (ignoring feature)
'+ptx85' is not a recognized feature for this target (ignoring feature)
'+ptx85' is not a recognized feature for this target (ignoring feature)
'+ptx85' is not a recognized feature for this target (ignoring feature)
'+ptx85' is not a recognized feature for this target (ignoring feature)
'+ptx85' is not a recognized feature for this target (ignoring feature)
'+ptx85' is not a recognized feature for this target (ignoring feature)
'+ptx85' is not a recognized feature for this target (ignoring feature)
'+ptx85' is not a recognized feature for this target (ignoring feature)
'+ptx85' is not a recognized feature for this target (ignoring feature)
'+ptx85' is not a recognized feature for this target (ignoring feature)
'+ptx85' is not a recognized feature for this target (ignoring feature)
'+ptx85' is not a recognized feature for this target (ignoring feature)
'+ptx85' is not a recognized feature for this target (ignoring feature)
'+ptx85' is not a recognized feature for this target (ignoring feature)
'+ptx85' is not a recognized feature for this target (ignoring feature)
'+ptx85' is not a recognized feature for this target (ignoring feature)
'+ptx85' is not a recognized feature for this target (ignoring feature)
'+ptx85' is not a recognized feature for this target (ignoring feature)
'+ptx85' is not a recognized feature for this target (ignoring feature)
'+ptx85' is not a recognized feature for this target (ignoring feature)
'+ptx85' is not a recognized feature for this target (ignoring feature)
'+ptx85' is not a recognized feature for this target (ignoring feature)
'+ptx85' is not a recognized feature for this target (ignoring feature)
'+ptx85' is not a recognized feature for this target (ignoring feature)
'+ptx85' is not a recognized feature for this target (ignoring feature)
'+ptx85' is not a recognized feature for this target (ignoring feature)
'+ptx85' is not a recognized feature for this target (ignoring feature)
'+ptx85' is not a recognized feature for this target (ignoring feature)
'+ptx85' is not a recognized feature for this target (ignoring feature)
'+ptx85' is not a recognized feature for this target (ignoring feature)
'+ptx85' is not a recognized feature for this target (ignoring feature)
'+ptx85' is not a recognized feature for this target (ignoring feature)
'+ptx85' is not a recognized feature for this target (ignoring feature)
'+ptx85' is not a recognized feature for this target (ignoring feature)
'+ptx85' is not a recognized feature for this target (ignoring feature)
'+ptx85' is not a recognized feature for this target (ignoring feature)
'+ptx85' is not a recognized feature for this target (ignoring feature)
'+ptx85' is not a recognized feature for this target (ignoring feature)
'+ptx85' is not a recognized feature for this target (ignoring feature)
'+ptx85' is not a recognized feature for this target (ignoring feature)
'+ptx85' is not a recognized feature for this target (ignoring feature)
'+ptx85' is not a recognized feature for this target (ignoring feature)
'+ptx85' is not a recognized feature for this target (ignoring feature)
'+ptx85' is not a recognized feature for this target (ignoring feature)
'+ptx85' is not a recognized feature for this target (ignoring feature)
'+ptx85' is not a recognized feature for this target (ignoring feature)
'+ptx85' is not a recognized feature for this target (ignoring feature)
'+ptx85' is not a recognized feature for this target (ignoring feature)
'+ptx85' is not a recognized feature for this target (ignoring feature)
'+ptx85' is not a recognized feature for this target (ignoring feature)
'+ptx85' is not a recognized feature for this target (ignoring feature)
'+ptx85' is not a recognized feature for this target (ignoring feature)
'+ptx85' is not a recognized feature for this target (ignoring feature)
'+ptx85' is not a recognized feature for this target (ignoring feature)
'+ptx85' is not a recognized feature for this target (ignoring feature)
'+ptx85' is not a recognized feature for this target (ignoring feature)
'+ptx85' is not a recognized feature for this target (ignoring feature)
'+ptx85' is not a recognized feature for this target (ignoring feature)
'+ptx85' is not a recognized feature for this target (ignoring feature)
'+ptx85' is not a recognized feature for this target (ignoring feature)
'+ptx85' is not a recognized feature for this target (ignoring feature)
'+ptx85' is not a recognized feature for this target (ignoring feature)
'+ptx85' is not a recognized feature for this target (ignoring feature)
'+ptx85' is not a recognized feature for this target (ignoring feature)
'+ptx85' is not a recognized feature for this target (ignoring feature)
'+ptx85' is not a recognized feature for this target (ignoring feature)
'+ptx85' is not a recognized feature for this target (ignoring feature)
'+ptx85' is not a recognized feature for this target (ignoring feature)
'+ptx85' is not a recognized feature for this target (ignoring feature)
'+ptx85' is not a recognized feature for this target (ignoring feature)
'+ptx85' is not a recognized feature for this target (ignoring feature)
'+ptx85' is not a recognized feature for this target (ignoring feature)
'+ptx85' is not a recognized feature for this target (ignoring feature)
'+ptx85' is not a recognized feature for this target (ignoring feature)
'+ptx85' is not a recognized feature for this target (ignoring feature)
'+ptx85' is not a recognized feature for this target (ignoring feature)
'+ptx85' is not a recognized feature for this target (ignoring feature)
'+ptx85' is not a recognized feature for this target (ignoring feature)
'+ptx85' is not a recognized feature for this target (ignoring feature)
'+ptx85' is not a recognized feature for this target (ignoring feature)
'+ptx85' is not a recognized feature for this target (ignoring feature)
'+ptx85' is not a recognized feature for this target (ignoring feature)
'+ptx85' is not a recognized feature for this target (ignoring feature)
'+ptx85' is not a recognized feature for this target (ignoring feature)
'+ptx85' is not a recognized feature for this target (ignoring feature)
'+ptx85' is not a recognized feature for this target (ignoring feature)
'+ptx85' is not a recognized feature for this target (ignoring feature)
'+ptx85' is not a recognized feature for this target (ignoring feature)
'+ptx85' is not a recognized feature for this target (ignoring feature)
'+ptx85' is not a recognized feature for this target (ignoring feature)
'+ptx85' is not a recognized feature for this target (ignoring feature)
'+ptx85' is not a recognized feature for this target (ignoring feature)
'+ptx85' is not a recognized feature for this target (ignoring feature)
'+ptx85' is not a recognized feature for this target (ignoring feature)
'+ptx85' is not a recognized feature for this target (ignoring feature)
'+ptx85' is not a recognized feature for this target (ignoring feature)
'+ptx85' is not a recognized feature for this target (ignoring feature)
'+ptx85' is not a recognized feature for this target (ignoring feature)
'+ptx85' is not a recognized feature for this target (ignoring feature)
'+ptx85' is not a recognized feature for this target (ignoring feature)
'+ptx85' is not a recognized feature for this target (ignoring feature)
'+ptx85' is not a recognized feature for this target (ignoring feature)
'+ptx85' is not a recognized feature for this target (ignoring feature)
'+ptx85' is not a recognized feature for this target (ignoring feature)
'+ptx85' is not a recognized feature for this target (ignoring feature)
'+ptx85' is not a recognized feature for this target (ignoring feature)
'+ptx85' is not a recognized feature for this target (ignoring feature)
'+ptx85' is not a recognized feature for this target (ignoring feature)
'+ptx85' is not a recognized feature for this target (ignoring feature)
'+ptx85' is not a recognized feature for this target (ignoring feature)
'+ptx85' is not a recognized feature for this target (ignoring feature)
'+ptx85' is not a recognized feature for this target (ignoring feature)
'+ptx85' is not a recognized feature for this target (ignoring feature)
'+ptx85' is not a recognized feature for this target (ignoring feature)
'+ptx85' is not a recognized feature for this target (ignoring feature)
'+ptx85' is not a recognized feature for this target (ignoring feature)
'+ptx85' is not a recognized feature for this target (ignoring feature)
'+ptx85' is not a recognized feature for this target (ignoring feature)
'+ptx85' is not a recognized feature for this target (ignoring feature)
'+ptx85' is not a recognized feature for this target (ignoring feature)
'+ptx85' is not a recognized feature for this target (ignoring feature)
'+ptx85' is not a recognized feature for this target (ignoring feature)
'+ptx85' is not a recognized feature for this target (ignoring feature)
'+ptx85' is not a recognized feature for this target (ignoring feature)
'+ptx85' is not a recognized feature for this target (ignoring feature)
'+ptx85' is not a recognized feature for this target (ignoring feature)
'+ptx85' is not a recognized feature for this target (ignoring feature)
'+ptx85' is not a recognized feature for this target (ignoring feature)
'+ptx85' is not a recognized feature for this target (ignoring feature)
'+ptx85' is not a recognized feature for this target (ignoring feature)
'+ptx85' is not a recognized feature for this target (ignoring feature)
'+ptx85' is not a recognized feature for this target (ignoring feature)
'+ptx85' is not a recognized feature for this target (ignoring feature)
'+ptx85' is not a recognized feature for this target (ignoring feature)
'+ptx85' is not a recognized feature for this target (ignoring feature)
'+ptx85' is not a recognized feature for this target (ignoring feature)
'+ptx85' is not a recognized feature for this target (ignoring feature)
'+ptx85' is not a recognized feature for this target (ignoring feature)
'+ptx85' is not a recognized feature for this target (ignoring feature)
'+ptx85' is not a recognized feature for this target (ignoring feature)
'+ptx85' is not a recognized feature for this target (ignoring feature)
'+ptx85' is not a recognized feature for this target (ignoring feature)
'+ptx85' is not a recognized feature for this target (ignoring feature)
'+ptx85' is not a recognized feature for this target (ignoring feature)
'+ptx85' is not a recognized feature for this target (ignoring feature)
'+ptx85' is not a recognized feature for this target (ignoring feature)
'+ptx85' is not a recognized feature for this target (ignoring feature)
'+ptx85' is not a recognized feature for this target (ignoring feature)
'+ptx85' is not a recognized feature for this target (ignoring feature)
'+ptx85' is not a recognized feature for this target (ignoring feature)
'+ptx85' is not a recognized feature for this target (ignoring feature)
'+ptx85' is not a recognized feature for this target (ignoring feature)
'+ptx85' is not a recognized feature for this target (ignoring feature)
'+ptx85' is not a recognized feature for this target (ignoring feature)
'+ptx85' is not a recognized feature for this target (ignoring feature)
WARNING: All log messages before absl::InitializeLog() is called are written to STDERR
I0000 00:00:1769469170.135454  233115 service.cc:146] XLA service 0x1481950e7710 initialized for platform CUDA (this does not guarantee that XLA will be used). Devices:
I0000 00:00:1769469170.135520  233115 service.cc:154]   StreamExecutor device (0): NVIDIA A100-SXM4-80GB, Compute Capability 8.0
'+ptx85' is not a recognized feature for this target (ignoring feature)
'+ptx85' is not a recognized feature for this target (ignoring feature)
'+ptx85' is not a recognized feature for this target (ignoring feature)
'+ptx85' is not a recognized feature for this target (ignoring feature)
2026-01-26 18:12:50.152989: I tensorflow/compiler/mlir/tensorflow/utils/dump_mlir_util.cc:268] disabling MLIR crash reproducer, set env var `MLIR_CRASH_REPRODUCER_DIRECTORY` to enable.
WARNING: All log messages before absl::InitializeLog() is called are written to STDERR
I0000 00:00:1769469170.237304  233121 service.cc:146] XLA service 0x153c6d393380 initialized for platform CUDA (this does not guarantee that XLA will be used). Devices:
I0000 00:00:1769469170.237375  233121 service.cc:154]   StreamExecutor device (0): NVIDIA A100-SXM4-80GB, Compute Capability 8.0
2026-01-26 18:12:50.242634: I external/local_xla/xla/stream_executor/cuda/cuda_dnn.cc:531] Loaded cuDNN version 90501
2026-01-26 18:12:50.255181: I tensorflow/compiler/mlir/tensorflow/utils/dump_mlir_util.cc:268] disabling MLIR crash reproducer, set env var `MLIR_CRASH_REPRODUCER_DIRECTORY` to enable.
'+ptx85' is not a recognized feature for this target (ignoring feature)
'+ptx85' is not a recognized feature for this target (ignoring feature)
'+ptx85' is not a recognized feature for this target (ignoring feature)
2026-01-26 18:12:50.293547: I external/local_xla/xla/stream_executor/cuda/cuda_dnn.cc:531] Loaded cuDNN version 90501
I0000 00:00:1769469170.323394  233115 device_compiler.h:188] Compiled cluster using XLA!  This line is logged at most once for the lifetime of the process.
'+ptx85' is not a recognized feature for this target (ignoring feature)
'+ptx85' is not a recognized feature for this target (ignoring feature)
'+ptx85' is not a recognized feature for this target (ignoring feature)
'+ptx85' is not a recognized feature for this target (ignoring feature)
'+ptx85' is not a recognized feature for this target (ignoring feature)
'+ptx85' is not a recognized feature for this target (ignoring feature)
I0000 00:00:1769469170.368617  233121 device_compiler.h:188] Compiled cluster using XLA!  This line is logged at most once for the lifetime of the process.
'+ptx85' is not a recognized feature for this target (ignoring feature)
'+ptx85' is not a recognized feature for this target (ignoring feature)
'+ptx85' is not a recognized feature for this target (ignoring feature)
'+ptx85' is not a recognized feature for this target (ignoring feature)
'+ptx85' is not a recognized feature for this target (ignoring feature)
'+ptx85' is not a recognized feature for this target (ignoring feature)
'+ptx85' is not a recognized feature for this target (ignoring feature)
'+ptx85' is not a recognized feature for this target (ignoring feature)
'+ptx85' is not a recognized feature for this target (ignoring feature)
WARNING: All log messages before absl::InitializeLog() is called are written to STDERR
I0000 00:00:1769469170.463329  233110 service.cc:146] XLA service 0x14e87a63eb40 initialized for platform CUDA (this does not guarantee that XLA will be used). Devices:
I0000 00:00:1769469170.463400  233110 service.cc:154]   StreamExecutor device (0): NVIDIA A100-SXM4-80GB, Compute Capability 8.0
'+ptx85' is not a recognized feature for this target (ignoring feature)
'+ptx85' is not a recognized feature for this target (ignoring feature)
'+ptx85' is not a recognized feature for this target (ignoring feature)
2026-01-26 18:12:50.481235: I tensorflow/compiler/mlir/tensorflow/utils/dump_mlir_util.cc:268] disabling MLIR crash reproducer, set env var `MLIR_CRASH_REPRODUCER_DIRECTORY` to enable.
'+ptx85' is not a recognized feature for this target (ignoring feature)
'+ptx85' is not a recognized feature for this target (ignoring feature)
'+ptx85' is not a recognized feature for this target (ignoring feature)
'+ptx85' is not a recognized feature for this target (ignoring feature)
'+ptx85' is not a recognized feature for this target (ignoring feature)
'+ptx85' is not a recognized feature for this target (ignoring feature)
2026-01-26 18:12:50.531140: I external/local_xla/xla/stream_executor/cuda/cuda_dnn.cc:531] Loaded cuDNN version 90501
'+ptx85' is not a recognized feature for this target (ignoring feature)
'+ptx85' is not a recognized feature for this target (ignoring feature)
'+ptx85' is not a recognized feature for this target (ignoring feature)
'+ptx85' is not a recognized feature for this target (ignoring feature)
'+ptx85' is not a recognized feature for this target (ignoring feature)
'+ptx85' is not a recognized feature for this target (ignoring feature)
'+ptx85' is not a recognized feature for this target (ignoring feature)
'+ptx85' is not a recognized feature for this target (ignoring feature)
'+ptx85' is not a recognized feature for this target (ignoring feature)
I0000 00:00:1769469170.608903  233110 device_compiler.h:188] Compiled cluster using XLA!  This line is logged at most once for the lifetime of the process.
'+ptx85' is not a recognized feature for this target (ignoring feature)
'+ptx85' is not a recognized feature for this target (ignoring feature)
'+ptx85' is not a recognized feature for this target (ignoring feature)
'+ptx85' is not a recognized feature for this target (ignoring feature)
'+ptx85' is not a recognized feature for this target (ignoring feature)
'+ptx85' is not a recognized feature for this target (ignoring feature)
'+ptx85' is not a recognized feature for this target (ignoring feature)
'+ptx85' is not a recognized feature for this target (ignoring feature)
'+ptx85' is not a recognized feature for this target (ignoring feature)
'+ptx85' is not a recognized feature for this target (ignoring feature)
'+ptx85' is not a recognized feature for this target (ignoring feature)
'+ptx85' is not a recognized feature for this target (ignoring feature)
'+ptx85' is not a recognized feature for this target (ignoring feature)
'+ptx85' is not a recognized feature for this target (ignoring feature)
'+ptx85' is not a recognized feature for this target (ignoring feature)
'+ptx85' is not a recognized feature for this target (ignoring feature)
'+ptx85' is not a recognized feature for this target (ignoring feature)
'+ptx85' is not a recognized feature for this target (ignoring feature)
'+ptx85' is not a recognized feature for this target (ignoring feature)
'+ptx85' is not a recognized feature for this target (ignoring feature)
'+ptx85' is not a recognized feature for this target (ignoring feature)
'+ptx85' is not a recognized feature for this target (ignoring feature)
'+ptx85' is not a recognized feature for this target (ignoring feature)
'+ptx85' is not a recognized feature for this target (ignoring feature)
'+ptx85' is not a recognized feature for this target (ignoring feature)
'+ptx85' is not a recognized feature for this target (ignoring feature)
'+ptx85' is not a recognized feature for this target (ignoring feature)
'+ptx85' is not a recognized feature for this target (ignoring feature)
'+ptx85' is not a recognized feature for this target (ignoring feature)
'+ptx85' is not a recognized feature for this target (ignoring feature)
'+ptx85' is not a recognized feature for this target (ignoring feature)
'+ptx85' is not a recognized feature for this target (ignoring feature)
'+ptx85' is not a recognized feature for this target (ignoring feature)
'+ptx85' is not a recognized feature for this target (ignoring feature)
'+ptx85' is not a recognized feature for this target (ignoring feature)
'+ptx85' is not a recognized feature for this target (ignoring feature)
'+ptx85' is not a recognized feature for this target (ignoring feature)
'+ptx85' is not a recognized feature for this target (ignoring feature)
'+ptx85' is not a recognized feature for this target (ignoring feature)
'+ptx85' is not a recognized feature for this target (ignoring feature)
'+ptx85' is not a recognized feature for this target (ignoring feature)
'+ptx85' is not a recognized feature for this target (ignoring feature)
'+ptx85' is not a recognized feature for this target (ignoring feature)
'+ptx85' is not a recognized feature for this target (ignoring feature)
'+ptx85' is not a recognized feature for this target (ignoring feature)
'+ptx85' is not a recognized feature for this target (ignoring feature)
'+ptx85' is not a recognized feature for this target (ignoring feature)
'+ptx85' is not a recognized feature for this target (ignoring feature)
'+ptx85' is not a recognized feature for this target (ignoring feature)
'+ptx85' is not a recognized feature for this target (ignoring feature)
'+ptx85' is not a recognized feature for this target (ignoring feature)
'+ptx85' is not a recognized feature for this target (ignoring feature)
'+ptx85' is not a recognized feature for this target (ignoring feature)
'+ptx85' is not a recognized feature for this target (ignoring feature)
'+ptx85' is not a recognized feature for this target (ignoring feature)
'+ptx85' is not a recognized feature for this target (ignoring feature)
'+ptx85' is not a recognized feature for this target (ignoring feature)
'+ptx85' is not a recognized feature for this target (ignoring feature)
'+ptx85' is not a recognized feature for this target (ignoring feature)
'+ptx85' is not a recognized feature for this target (ignoring feature)
'+ptx85' is not a recognized feature for this target (ignoring feature)
'+ptx85' is not a recognized feature for this target (ignoring feature)
'+ptx85' is not a recognized feature for this target (ignoring feature)
'+ptx85' is not a recognized feature for this target (ignoring feature)
'+ptx85' is not a recognized feature for this target (ignoring feature)
'+ptx85' is not a recognized feature for this target (ignoring feature)
'+ptx85' is not a recognized feature for this target (ignoring feature)
'+ptx85' is not a recognized feature for this target (ignoring feature)
'+ptx85' is not a recognized feature for this target (ignoring feature)
'+ptx85' is not a recognized feature for this target (ignoring feature)
'+ptx85' is not a recognized feature for this target (ignoring feature)
'+ptx85' is not a recognized feature for this target (ignoring feature)
'+ptx85' is not a recognized feature for this target (ignoring feature)
'+ptx85' is not a recognized feature for this target (ignoring feature)
'+ptx85' is not a recognized feature for this target (ignoring feature)
'+ptx85' is not a recognized feature for this target (ignoring feature)
'+ptx85' is not a recognized feature for this target (ignoring feature)
'+ptx85' is not a recognized feature for this target (ignoring feature)
'+ptx85' is not a recognized feature for this target (ignoring feature)
'+ptx85' is not a recognized feature for this target (ignoring feature)
'+ptx85' is not a recognized feature for this target (ignoring feature)
'+ptx85' is not a recognized feature for this target (ignoring feature)
'+ptx85' is not a recognized feature for this target (ignoring feature)
'+ptx85' is not a recognized feature for this target (ignoring feature)
[2026-01-26T18:33:40.016] error: *** JOB 7440762 ON udc-an36-7 CANCELLED AT 2026-01-26T18:33:40 DUE TO TIME LIMIT ***
[2026-01-26T18:34:09.014] error: *** JOB 7441236 ON udc-an36-7 CANCELLED AT 2026-01-26T18:34:09 DUE TO TIME LIMIT ***
[2026-01-26T18:35:09.018] error: *** JOB 7441733 ON udc-an36-7 CANCELLED AT 2026-01-26T18:35:09 DUE TO TIME LIMIT ***
[2026-01-26T18:35:09.018] error: *** JOB 7441732 ON udc-an34-19 CANCELLED AT 2026-01-26T18:35:09 DUE TO TIME LIMIT ***
[2026-01-26T18:40:09.041] error: *** JOB 7442170 ON udc-an34-31 CANCELLED AT 2026-01-26T18:40:09 DUE TO TIME LIMIT ***
[2026-01-26T18:43:40.016] error: *** JOB 7442224 ON udc-ba06-35 CANCELLED AT 2026-01-26T18:43:40 DUE TO TIME LIMIT ***
[2026-01-26T18:44:10.015] error: *** JOB 7442227 ON udc-an34-19 CANCELLED AT 2026-01-26T18:44:10 DUE TO TIME LIMIT ***
[2026-01-26T18:45:10.031] error: *** JOB 7442228 ON udc-an37-25 CANCELLED AT 2026-01-26T18:45:10 DUE TO TIME LIMIT ***
[2026-01-26T18:46:39.015] error: *** JOB 7442251 ON udc-an33-38 CANCELLED AT 2026-01-26T18:46:39 DUE TO TIME LIMIT ***
[2026-01-26T18:49:41.015] error: *** JOB 7442352 ON udc-an36-25 CANCELLED AT 2026-01-26T18:49:41 DUE TO TIME LIMIT ***
[2026-01-26T18:49:41.015] error: *** JOB 7442354 ON udc-an36-25 CANCELLED AT 2026-01-26T18:49:41 DUE TO TIME LIMIT ***
[2026-01-26T18:49:41.015] error: *** JOB 7442353 ON udc-an36-25 CANCELLED AT 2026-01-26T18:49:41 DUE TO TIME LIMIT ***
[2026-01-26T18:49:41.017] error: *** JOB 7442355 ON udc-an34-1 CANCELLED AT 2026-01-26T18:49:41 DUE TO TIME LIMIT ***
[2026-01-26T18:58:43.018] error: *** JOB 7442446 ON udc-an37-19 CANCELLED AT 2026-01-26T18:58:43 DUE TO TIME LIMIT ***
[2026-01-26T19:06:12.167] error: *** JOB 7442587 ON udc-an36-7 CANCELLED AT 2026-01-26T19:06:12 DUE TO TIME LIMIT ***
[2026-01-26T19:09:43.016] error: *** JOB 7442824 ON udc-an36-1 CANCELLED AT 2026-01-26T19:09:43 DUE TO TIME LIMIT ***
[2026-01-26T19:12:13.015] error: *** JOB 7442835 ON udc-an37-31 CANCELLED AT 2026-01-26T19:12:13 DUE TO TIME LIMIT ***
[2026-01-26T19:12:13.016] error: *** JOB 7442836 ON udc-an37-31 CANCELLED AT 2026-01-26T19:12:13 DUE TO TIME LIMIT ***
[2026-01-26T19:12:13.016] error: *** JOB 7439698 ON udc-an37-31 CANCELLED AT 2026-01-26T19:12:13 DUE TO TIME LIMIT ***
